测速日志 2026-06-14 22:57:51
速度阈值: 150KB/s
去重功能: 已启用
[2026-06-14 22:57:59] ⚠️ 仅读取 0.4KB 数据: http://61.136.172.236:9901/tsfile/live/0001_1.m3u8
[2026-06-14 22:57:59] ✅ 测速成功: http://61.136.172.236:9901/tsfile/live/0001_1.m3u8
   速度: 418.95KB/s > 150KB/s | 数据量: 0.4KB | 总耗时: 0.49s
[2026-06-14 22:57:59] ⚠️ 仅读取 0.4KB 数据: http://59.39.89.130:60901/tsfile/live/0001_1.m3u8?key=txiptv&playlive=1&authid=0
[2026-06-14 22:57:59] ✅ 测速成功: http://59.39.89.130:60901/tsfile/live/0001_1.m3u8?key=txiptv&playlive=1&authid=0
   速度: 408.20KB/s > 150KB/s | 数据量: 0.4KB | 总耗时: 0.47s
[2026-06-14 22:58:00] ⚠️ 仅读取 0.2KB 数据: http://112.46.85.60:8009/hls/3/index.m3u8
[2026-06-14 22:58:00] ✅ 测速成功: http://112.46.85.60:8009/hls/3/index.m3u8
   速度: 229.49KB/s > 150KB/s | 数据量: 0.2KB | 总耗时: 1.09s
[2026-06-14 22:58:01] ⚠️ 仅读取 0.2KB 数据: https://global.cgtn.cicc.media.caton.cloud/master/cgtn-america.m3u8
[2026-06-14 22:58:01] ✅ 测速成功: https://global.cgtn.cicc.media.caton.cloud/master/cgtn-america.m3u8
   速度: 221.68KB/s > 150KB/s | 数据量: 0.2KB | 总耗时: 0.41s
[2026-06-14 22:58:01] ⚠️ 仅读取 0.2KB 数据: http://112.27.235.94:8000/hls/4/index.m3u8
[2026-06-14 22:58:01] ✅ 测速成功: http://112.27.235.94:8000/hls/4/index.m3u8
   速度: 240.23KB/s > 150KB/s | 数据量: 0.2KB | 总耗时: 0.36s
[2026-06-14 22:58:01] ⚠️ 仅读取 0.4KB 数据: http://124.165.251.82:85/tsfile/live/0012_1.m3u8?key=txiptv&playlive=1&authid=0
[2026-06-14 22:58:01] ✅ 测速成功: http://124.165.251.82:85/tsfile/live/0012_1.m3u8?key=txiptv&playlive=1&authid=0
   速度: 423.83KB/s > 150KB/s | 数据量: 0.4KB | 总耗时: 0.48s
[2026-06-14 22:58:02] ⚠️ 仅读取 0.3KB 数据: http://ali-m-l.cztv.com/channels/lantian/channel21/1080p.m3u8
[2026-06-14 22:58:02] ✅ 测速成功: http://ali-m-l.cztv.com/channels/lantian/channel21/1080p.m3u8
   速度: 291.99KB/s > 150KB/s | 数据量: 0.3KB | 总耗时: 1.06s
[2026-06-14 22:58:03] ⚠️ 仅读取 0.1KB 数据: https://epg.pw/stream/25677ac2e8c1f7c3dd6359c43eb5f0f54efb3f5c11f9dda18d01b3e0308ed017.m3u8
[2026-06-14 22:58:03] ⚠️ 速度不足: https://epg.pw/stream/25677ac2e8c1f7c3dd6359c43eb5f0f54efb3f5c11f9dda18d01b3e0308ed017.m3u8
   速度: 124.02KB/s <= 150KB/s | 数据量: 0.1KB | 总耗时: 0.37s
[2026-06-14 22:58:03] ⚠️ 仅读取 0.1KB 数据: https://0472.org/hls/cgtn.m3u8
[2026-06-14 22:58:03] ⚠️ 速度不足: https://0472.org/hls/cgtn.m3u8
   速度: 125.98KB/s <= 150KB/s | 数据量: 0.1KB | 总耗时: 0.14s
[2026-06-14 22:58:04] ⚠️ 仅读取 0.4KB 数据: http://english-livetx.cgtn.com/hls/yypdyyctzb_hd.m3u8
[2026-06-14 22:58:04] ✅ 测速成功: http://english-livetx.cgtn.com/hls/yypdyyctzb_hd.m3u8
   速度: 402.34KB/s > 150KB/s | 数据量: 0.4KB | 总耗时: 1.13s
[2026-06-14 22:58:05] ⚠️ 仅读取 0.4KB 数据: http://russian-livews.cgtn.com/hls/LSvexABhNipibK5KRuUkvHZ7220802LSTeze9o8tdFXMHsb1VosgoT220802cd.m3u8
[2026-06-14 22:58:05] ✅ 测速成功: http://russian-livews.cgtn.com/hls/LSvexABhNipibK5KRuUkvHZ7220802LSTeze9o8tdFXMHsb1VosgoT220802cd.m3u8
   速度: 425.78KB/s > 150KB/s | 数据量: 0.4KB | 总耗时: 0.45s
[2026-06-14 22:58:05] ⚠️ 仅读取 0.4KB 数据: http://espanol-liveali.cgtn.com/hls/LSveOGBaBw41Ea7ukkVAUdKQ220802LSTexu6xAuFH8VZNBLE1ZNEa220802cd.m3u8
[2026-06-14 22:58:05] ✅ 测速成功: http://espanol-liveali.cgtn.com/hls/LSveOGBaBw41Ea7ukkVAUdKQ220802LSTexu6xAuFH8VZNBLE1ZNEa220802cd.m3u8
   速度: 428.71KB/s > 150KB/s | 数据量: 0.4KB | 总耗时: 0.69s
[2026-06-14 22:58:06] ⚠️ 仅读取 0.4KB 数据: https://gcwbndali.v.myalicdn.com/gcwbnd/ipanda1000_2/index.m3u8
[2026-06-14 22:58:06] ✅ 测速成功: https://gcwbndali.v.myalicdn.com/gcwbnd/ipanda1000_2/index.m3u8
   速度: 382.81KB/s > 150KB/s | 数据量: 0.4KB | 总耗时: 0.95s
[2026-06-14 22:58:07] ✅ 测速成功: https://vd2.bdstatic.com/mda-sctj0f6r4u1bpebc/1080p/cae_h264/1774706523506678171/mda-sctj0f6r4u1bpebc.mp4
   速度: 1617.46KB/s > 150KB/s | 数据量: 104.0KB | 总耗时: 1.23s
[2026-06-14 22:58:08] ⚠️ 仅读取 0.3KB 数据: http://satellitepull.cnr.cn/live/wxbtv/playlist.m3u8
[2026-06-14 22:58:08] ✅ 测速成功: http://satellitepull.cnr.cn/live/wxbtv/playlist.m3u8
   速度: 253.91KB/s > 150KB/s | 数据量: 0.3KB | 总耗时: 0.46s
[2026-06-14 22:58:08] ⚠️ 仅读取 0.8KB 数据: http://bp-resource-dfl.bestv.cn/148/3/video.m3u8
[2026-06-14 22:58:08] ✅ 测速成功: http://bp-resource-dfl.bestv.cn/148/3/video.m3u8
   速度: 832.03KB/s > 150KB/s | 数据量: 0.8KB | 总耗时: 0.61s
[2026-06-14 22:58:09] ⚠️ 仅读取 0.5KB 数据: http://live.zohi.tv/video/s10001-fztv-3/index.m3u8
[2026-06-14 22:58:09] ✅ 测速成功: http://live.zohi.tv/video/s10001-fztv-3/index.m3u8
   速度: 498.05KB/s > 150KB/s | 数据量: 0.5KB | 总耗时: 1.01s
[2026-06-14 22:58:10] ✅ 测速成功: https://txmov2.a.kwimgs.com/upic/2023/01/26/09/BMjAyMzAxMjYwOTE3NDVfNzM5MzQzNzIyXzk0NjI1OTUwNTA3XzBfMw==_b_B81ddda927d33445d544befd008e60109.mp4
   速度: 2760.20KB/s > 150KB/s | 数据量: 104.0KB | 总耗时: 0.61s
[2026-06-14 22:58:10] ⚠️ 仅读取 0.2KB 数据: http://38.64.72.148:80/hls/modn/list/4009/playlist.m3u8
[2026-06-14 22:58:10] ✅ 测速成功: http://38.64.72.148:80/hls/modn/list/4009/playlist.m3u8
   速度: 227.54KB/s > 150KB/s | 数据量: 0.2KB | 总耗时: 0.08s
[2026-06-14 22:58:11] ⚠️ 仅读取 0.2KB 数据: http://hlsal-ldvt.qing.mgtv.com/nn_live/nn_x64/Y2RuZXhfaWQ9YWxfaGxzX2xkdnQmZT02OTE0NjA0JnY9MSZpZD1ITldTWkdTVCZzPTcwN2RiYTc2YzJjNmJmMTQ4MmUyZGYzOWU2NWM3YWFi/HNWSZGST.m3u8
[2026-06-14 22:58:11] ✅ 测速成功: http://hlsal-ldvt.qing.mgtv.com/nn_live/nn_x64/Y2RuZXhfaWQ9YWxfaGxzX2xkdnQmZT02OTE0NjA0JnY9MSZpZD1ITldTWkdTVCZzPTcwN2RiYTc2YzJjNmJmMTQ4MmUyZGYzOWU2NWM3YWFi/HNWSZGST.m3u8
   速度: 225.59KB/s > 150KB/s | 数据量: 0.2KB | 总耗时: 0.98s
[2026-06-14 22:58:12] ⚠️ 仅读取 0.1KB 数据: http://antvlive.ab5c6921.cdnviet.com/antv/playlist.m3u8
[2026-06-14 22:58:12] ⚠️ 速度不足: http://antvlive.ab5c6921.cdnviet.com/antv/playlist.m3u8
   速度: 123.05KB/s <= 150KB/s | 数据量: 0.1KB | 总耗时: 1.21s
[2026-06-14 22:58:13] ⚠️ 仅读取 0.3KB 数据: http://218.84.12.186:8001/hls/main/playlist.m3u8?zxinjd;http://218.84.12.186:8001/hls/main/playlist.m3u8zxinjd
[2026-06-14 22:58:13] ✅ 测速成功: http://218.84.12.186:8001/hls/main/playlist.m3u8?zxinjd;http://218.84.12.186:8001/hls/main/playlist.m3u8zxinjd
   速度: 326.17KB/s > 150KB/s | 数据量: 0.3KB | 总耗时: 0.60s
[2026-06-14 22:58:16] ⚠️ 仅读取 0.5KB 数据: https://srs.iyb983.cn:443/video/CYS/index.m3u8
[2026-06-14 22:58:16] ✅ 测速成功: https://srs.iyb983.cn:443/video/CYS/index.m3u8
   速度: 515.62KB/s > 150KB/s | 数据量: 0.5KB | 总耗时: 2.96s
[2026-06-14 22:58:18] ⚠️ 仅读取 0.3KB 数据: http://l.cztvcloud.com/channels/lantian/SXxinchang2/720p.m3u8
[2026-06-14 22:58:18] ✅ 测速成功: http://l.cztvcloud.com/channels/lantian/SXxinchang2/720p.m3u8
   速度: 284.18KB/s > 150KB/s | 数据量: 0.3KB | 总耗时: 1.82s
[2026-06-14 22:58:19] ⚠️ 仅读取 0.3KB 数据: http://ali-xwl.cztv.com/live/channel011080Plxw.m3u8
[2026-06-14 22:58:19] ✅ 测速成功: http://ali-xwl.cztv.com/live/channel011080Plxw.m3u8
   速度: 344.73KB/s > 150KB/s | 数据量: 0.3KB | 总耗时: 0.77s
[2026-06-14 22:58:22] ❌ 测速失败: https://ali-m-l.cztv.com/channels/lantian/channel001/1080p.m3u8?
   错误: HTTPSConnectionPool(host='ali-m-l.cztv.com', port=443): Read timed out. (read timeout=3.05) | 域名: ali-m-l.cztv.com:443
[2026-06-14 22:58:24] ⚠️ 仅读取 0.3KB 数据: https://liveout.xntv.tv/a65jur/96iln2.m3u8
[2026-06-14 22:58:24] ✅ 测速成功: https://liveout.xntv.tv/a65jur/96iln2.m3u8
   速度: 265.62KB/s > 150KB/s | 数据量: 0.3KB | 总耗时: 1.53s
[2026-06-14 22:58:24] ⚠️ 仅读取 0.1KB 数据: http://222.128.55.152:9080/live/dwq.m3u8
[2026-06-14 22:58:24] ⚠️ 速度不足: http://222.128.55.152:9080/live/dwq.m3u8
   速度: 0.38KB/s <= 150KB/s | 数据量: 0.1KB | 总耗时: 0.69s
[2026-06-14 22:58:26] ⚠️ 仅读取 0.2KB 数据: https://test1.live.sdetv.com.cn/live/dianshizhibo/playlist.m3u8
[2026-06-14 22:58:26] ✅ 测速成功: https://test1.live.sdetv.com.cn/live/dianshizhibo/playlist.m3u8
   速度: 207.03KB/s > 150KB/s | 数据量: 0.2KB | 总耗时: 2.21s
[2026-06-14 22:58:27] ⚠️ 仅读取 0.6KB 数据: https://5ddce30eb4b55.streamlock.net/bltvhd/bltv1/chunklist_w511254805.m3u8
[2026-06-14 22:58:27] ✅ 测速成功: https://5ddce30eb4b55.streamlock.net/bltvhd/bltv1/chunklist_w511254805.m3u8
   速度: 574.22KB/s > 150KB/s | 数据量: 0.6KB | 总耗时: 0.81s
[2026-06-14 22:58:28] ⚠️ 仅读取 0.6KB 数据: http://61.216.67.119:1935/bltvhd/bltv1/chunklist_w1266569526.m3u
[2026-06-14 22:58:28] ⚠️ 速度不足: http://61.216.67.119:1935/bltvhd/bltv1/chunklist_w1266569526.m3u
   速度: 3.59KB/s <= 150KB/s | 数据量: 0.6KB | 总耗时: 0.49s
[2026-06-14 22:58:28] ⚠️ 仅读取 0.8KB 数据: https://bp-resource-dfl.bestv.cn/148/3/video.m3u8
[2026-06-14 22:58:28] ✅ 测速成功: https://bp-resource-dfl.bestv.cn/148/3/video.m3u8
   速度: 832.03KB/s > 150KB/s | 数据量: 0.8KB | 总耗时: 0.77s
[2026-06-14 22:58:30] ⚠️ 仅读取 0.4KB 数据: https://tylive.kan0512.com/norecord/csztv4k_4k.m3u8
[2026-06-14 22:58:30] ✅ 测速成功: https://tylive.kan0512.com/norecord/csztv4k_4k.m3u8
   速度: 377.93KB/s > 150KB/s | 数据量: 0.4KB | 总耗时: 1.33s
[2026-06-14 22:58:32] ⚠️ 仅读取 0.4KB 数据: https://vip.ffzy-play.com/20221018/1953_2d6ba500/index.m3u8
[2026-06-14 22:58:32] ✅ 测速成功: https://vip.ffzy-play.com/20221018/1953_2d6ba500/index.m3u8
   速度: 396.48KB/s > 150KB/s | 数据量: 0.4KB | 总耗时: 2.31s
[2026-06-14 22:58:35] ⚠️ 仅读取 0.4KB 数据: https://vip.ffzy-play7.com/20230112/11082_fde1a94d/index.m3u8
[2026-06-14 22:58:35] ✅ 测速成功: https://vip.ffzy-play7.com/20230112/11082_fde1a94d/index.m3u8
   速度: 396.48KB/s > 150KB/s | 数据量: 0.4KB | 总耗时: 2.37s
[2026-06-14 22:58:36] ⚠️ 仅读取 61.4KB 数据: http://jsmov2.a.yximgs.com/bs3/video-hls/5250634317044855747_hlsb.m3u8
[2026-06-14 22:58:36] ✅ 测速成功: http://jsmov2.a.yximgs.com/bs3/video-hls/5250634317044855747_hlsb.m3u8
   速度: 276.94KB/s > 150KB/s | 数据量: 61.4KB | 总耗时: 1.23s
[2026-06-14 22:58:38] ✅ 测速成功: http://www.goodiptv.club/douyu/74374
   速度: 446.72KB/s > 150KB/s | 数据量: 104.0KB | 总耗时: 2.20s
[2026-06-14 22:58:40] ⚠️ 仅读取 0.2KB 数据: http://hls.nntv.cn/nnlive/YSYL_244.m3u8
[2026-06-14 22:58:40] ✅ 测速成功: http://hls.nntv.cn/nnlive/YSYL_244.m3u8
   速度: 232.42KB/s > 150KB/s | 数据量: 0.2KB | 总耗时: 1.97s
[2026-06-14 22:58:40] ⚠️ 仅读取 0.4KB 数据: http://stream.hrbtv.net/yspd/sd/live.m3u8?zheild
[2026-06-14 22:58:41] ✅ 测速成功: http://stream.hrbtv.net/yspd/sd/live.m3u8?zheild
   速度: 355.47KB/s > 150KB/s | 数据量: 0.4KB | 总耗时: 0.58s
[2026-06-14 22:58:42] ⚠️ 仅读取 0.4KB 数据: https://vip.ffzy-play6.com/20221019/157_bf0740ee/index.m3u8
[2026-06-14 22:58:42] ✅ 测速成功: https://vip.ffzy-play6.com/20221019/157_bf0740ee/index.m3u8
   速度: 396.48KB/s > 150KB/s | 数据量: 0.4KB | 总耗时: 1.96s
[2026-06-14 22:58:44] ⚠️ 仅读取 0.4KB 数据: https://vip.ffzy-play1.com/20221018/478_c3afed66/index.m3u8
[2026-06-14 22:58:44] ✅ 测速成功: https://vip.ffzy-play1.com/20221018/478_c3afed66/index.m3u8
   速度: 396.48KB/s > 150KB/s | 数据量: 0.4KB | 总耗时: 1.93s
[2026-06-14 22:58:46] ⚠️ 仅读取 0.4KB 数据: https://vip.ffzy-online.com/20221015/719_80ff87c2/index.m3u8
[2026-06-14 22:58:46] ✅ 测速成功: https://vip.ffzy-online.com/20221015/719_80ff87c2/index.m3u8
   速度: 396.48KB/s > 150KB/s | 数据量: 0.4KB | 总耗时: 1.81s
[2026-06-14 22:58:47] ⚠️ 仅读取 0.3KB 数据: http://ali-vl.cztv.com/channels/lantian/channel004/360p.m3u8
[2026-06-14 22:58:47] ⚠️ 速度不足: http://ali-vl.cztv.com/channels/lantian/channel004/360p.m3u8
   速度: 68.89KB/s <= 150KB/s | 数据量: 0.3KB | 总耗时: 0.92s
[2026-06-14 22:58:50] ✅ 测速成功: http://live.metshop.top/huya/21059578?cdn=alicdn
   速度: 2217.67KB/s > 150KB/s | 数据量: 104.0KB | 总耗时: 3.10s
[2026-06-14 22:58:52] ✅ 测速成功: http://zjrtv.vip/live/?tbs=mydy
   速度: 220.28KB/s > 150KB/s | 数据量: 104.0KB | 总耗时: 1.77s
[2026-06-14 22:58:52] ⚠️ 仅读取 0.6KB 数据: https://stream.ads.ottera.tv/playlist.m3u8?network_id=595
[2026-06-14 22:58:52] ✅ 测速成功: https://stream.ads.ottera.tv/playlist.m3u8?network_id=595
   速度: 636.72KB/s > 150KB/s | 数据量: 0.6KB | 总耗时: 0.20s
[2026-06-14 22:58:54] ⚠️ 仅读取 0.3KB 数据: https://tencentplay.gztv.com/live/nanguodushi.m3u8?txSecret=550af55c0ea34ce492748481415b6dfa&txTime=1903e7b17de
[2026-06-14 22:58:54] ✅ 测速成功: https://tencentplay.gztv.com/live/nanguodushi.m3u8?txSecret=550af55c0ea34ce492748481415b6dfa&txTime=1903e7b17de
   速度: 300.78KB/s > 150KB/s | 数据量: 0.3KB | 总耗时: 1.83s
[2026-06-14 22:58:56] ✅ 测速成功: https://live.metshop.top/huya/11601966
   速度: 2397.15KB/s > 150KB/s | 数据量: 104.0KB | 总耗时: 1.64s
[2026-06-14 22:58:57] ⚠️ 仅读取 0.1KB 数据: http://ebsonairios.ebs.co.kr/ebsutablet500k/tablet500k/playlist.m3u8
[2026-06-14 22:58:57] ⚠️ 速度不足: http://ebsonairios.ebs.co.kr/ebsutablet500k/tablet500k/playlist.m3u8
   速度: 122.07KB/s <= 150KB/s | 数据量: 0.1KB | 总耗时: 0.96s
[2026-06-14 22:58:58] ⚠️ 仅读取 0.8KB 数据: https://ls.qingting.fm/live/4972/64k.m3u8
[2026-06-14 22:58:58] ✅ 测速成功: https://ls.qingting.fm/live/4972/64k.m3u8
   速度: 770.51KB/s > 150KB/s | 数据量: 0.8KB | 总耗时: 1.22s
[2026-06-14 22:59:00] ⚠️ 仅读取 0.5KB 数据: http://live.qthnews.org.cn:1935/live/live1/800k/tzwj_video.m3u8
[2026-06-14 22:59:00] ⚠️ 速度不足: http://live.qthnews.org.cn:1935/live/live1/800k/tzwj_video.m3u8
   速度: 2.05KB/s <= 150KB/s | 数据量: 0.5KB | 总耗时: 2.31s
[2026-06-14 22:59:01] ⚠️ 仅读取 0.2KB 数据: http://60.222.246.220:19433/hls1.m3u8
[2026-06-14 22:59:01] ⚠️ 速度不足: http://60.222.246.220:19433/hls1.m3u8
   速度: 0.82KB/s <= 150KB/s | 数据量: 0.2KB | 总耗时: 0.71s
[2026-06-14 22:59:01] ⚠️ 仅读取 0.8KB 数据: http://ls.qingting.fm/live/4885.m3u8
[2026-06-14 22:59:01] ✅ 测速成功: http://ls.qingting.fm/live/4885.m3u8
   速度: 801.76KB/s > 150KB/s | 数据量: 0.8KB | 总耗时: 0.54s
[2026-06-14 22:59:02] ⚠️ 仅读取 0.3KB 数据: https://satellitepull.cnr.cn/live/wx32dycjgb/playlist.m3u8
[2026-06-14 22:59:02] ✅ 测速成功: https://satellitepull.cnr.cn/live/wx32dycjgb/playlist.m3u8
   速度: 317.38KB/s > 150KB/s | 数据量: 0.3KB | 总耗时: 1.06s
[2026-06-14 22:59:04] ⚠️ 仅读取 0.4KB 数据: https://stream.sun0769.com/dgrtv1/mp4tv1_800/index.m3u8
[2026-06-14 22:59:04] ✅ 测速成功: https://stream.sun0769.com/dgrtv1/mp4tv1_800/index.m3u8
   速度: 369.14KB/s > 150KB/s | 数据量: 0.4KB | 总耗时: 1.68s
[2026-06-14 22:59:05] ⚠️ 仅读取 0.4KB 数据: http://stream10.jlntv.cn/jiutaitv/sd/live.m3u8
[2026-06-14 22:59:05] ✅ 测速成功: http://stream10.jlntv.cn/jiutaitv/sd/live.m3u8
   速度: 375.00KB/s > 150KB/s | 数据量: 0.4KB | 总耗时: 1.01s
[2026-06-14 22:59:07] ⚠️ 仅读取 0.3KB 数据: https://hwapi.yntv.net/62hdvf/q9vs1b.m3u8
[2026-06-14 22:59:07] ✅ 测速成功: https://hwapi.yntv.net/62hdvf/q9vs1b.m3u8
   速度: 266.60KB/s > 150KB/s | 数据量: 0.3KB | 总耗时: 1.50s
[2026-06-14 22:59:09] ⚠️ 仅读取 0.3KB 数据: http://tvfile.jyrmt.cn/nmip-media/channellive/channel104452/playlist.m3u8
[2026-06-14 22:59:09] ✅ 测速成功: http://tvfile.jyrmt.cn/nmip-media/channellive/channel104452/playlist.m3u8
   速度: 259.77KB/s > 150KB/s | 数据量: 0.3KB | 总耗时: 1.92s
[2026-06-14 22:59:12] ⚠️ 仅读取 0.2KB 数据: http://zbbf2.ahbztv.com/live/418.m3u8
[2026-06-14 22:59:12] ✅ 测速成功: http://zbbf2.ahbztv.com/live/418.m3u8
   速度: 240.23KB/s > 150KB/s | 数据量: 0.2KB | 总耗时: 3.60s
[2026-06-14 22:59:14] ⚠️ 仅读取 0.8KB 数据: https://play.scrstv.com.cn/DT/live.m3u8?auth_key=60001724663204-0-0-c1cc4ded9841ac34f63cdbd3aec647ef
[2026-06-14 22:59:14] ✅ 测速成功: https://play.scrstv.com.cn/DT/live.m3u8?auth_key=60001724663204-0-0-c1cc4ded9841ac34f63cdbd3aec647ef
   速度: 761.72KB/s > 150KB/s | 数据量: 0.8KB | 总耗时: 1.70s
[2026-06-14 22:59:15] ⚠️ 仅读取 0.5KB 数据: https://jwcdnqx.hebyun.com.cn/live/rqtv1/1500k/tzwj_video.m3u8
[2026-06-14 22:59:15] ✅ 测速成功: https://jwcdnqx.hebyun.com.cn/live/rqtv1/1500k/tzwj_video.m3u8
   速度: 507.81KB/s > 150KB/s | 数据量: 0.5KB | 总耗时: 1.39s
[2026-06-14 22:59:16] ⚠️ 仅读取 0.1KB 数据: http://110.153.180.106:55555/out_3/index.m3u8
[2026-06-14 22:59:16] ⚠️ 速度不足: http://110.153.180.106:55555/out_3/index.m3u8
   速度: 79.10KB/s <= 150KB/s | 数据量: 0.1KB | 总耗时: 0.60s
[2026-06-14 22:59:22] ⚠️ 仅读取 0.3KB 数据: https://l.cztvcloud.com/channels/lantian/SXyuyao3/720p.m3u8
[2026-06-14 22:59:22] ✅ 测速成功: https://l.cztvcloud.com/channels/lantian/SXyuyao3/720p.m3u8
   速度: 292.97KB/s > 150KB/s | 数据量: 0.3KB | 总耗时: 5.68s
[2026-06-14 22:59:23] ⚠️ 仅读取 0.0KB 数据: http://liveout.btzx.com.cn/62ds9e/yil08g.m3u8
[2026-06-14 22:59:23] ⚠️ 速度不足: http://liveout.btzx.com.cn/62ds9e/yil08g.m3u8
   速度: 0.00KB/s <= 150KB/s | 数据量: 0.0KB | 总耗时: 1.20s
[2026-06-14 22:59:24] ⚠️ 仅读取 0.3KB 数据: https://m3u8.channel.dzsm.com/nmip-media/channellive/channel105549/playlist.m3u8
[2026-06-14 22:59:24] ✅ 测速成功: https://m3u8.channel.dzsm.com/nmip-media/channellive/channel105549/playlist.m3u8
   速度: 271.48KB/s > 150KB/s | 数据量: 0.3KB | 总耗时: 1.36s
[2026-06-14 22:59:25] ⚠️ 仅读取 0.5KB 数据: http://nklive.nbs.cn/hls/75b3c462-b831-4de7-a34b-5d3221db2069/index.m3u8
[2026-06-14 22:59:25] ✅ 测速成功: http://nklive.nbs.cn/hls/75b3c462-b831-4de7-a34b-5d3221db2069/index.m3u8
   速度: 543.95KB/s > 150KB/s | 数据量: 0.5KB | 总耗时: 0.60s
[2026-06-14 22:59:26] ⚠️ 仅读取 0.3KB 数据: http://tencentplay.gztv.com/live/nanguodushi.m3u8?txSecret=140110ae3d6c936a77f94c4f4d85b0d3&txTime=18d57929bd4
[2026-06-14 22:59:26] ✅ 测速成功: http://tencentplay.gztv.com/live/nanguodushi.m3u8?txSecret=140110ae3d6c936a77f94c4f4d85b0d3&txTime=18d57929bd4
   速度: 300.78KB/s > 150KB/s | 数据量: 0.3KB | 总耗时: 0.77s
[2026-06-14 22:59:26] ⚠️ 仅读取 0.3KB 数据: http://615bbf179ba53515dccad7b1da5d1ad9.livehwc3.cn/hls.nntv.cn/nnlive/WLSH_24.m3u8?sub_m3u8=true&edge_slice=true&user_session_id=2598844eaee8a4265e706fc14b3fc11d
[2026-06-14 22:59:26] ✅ 测速成功: http://615bbf179ba53515dccad7b1da5d1ad9.livehwc3.cn/hls.nntv.cn/nnlive/WLSH_24.m3u8?sub_m3u8=true&edge_slice=true&user_session_id=2598844eaee8a4265e706fc14b3fc11d
   速度: 268.55KB/s > 150KB/s | 数据量: 0.3KB | 总耗时: 0.90s
[2026-06-14 22:59:27] ⚠️ 仅读取 0.3KB 数据: http://pili-live-hls.ybcxjd.com/jdh-live/2108111201035597.m3u8?zsicd
[2026-06-14 22:59:27] ✅ 测速成功: http://pili-live-hls.ybcxjd.com/jdh-live/2108111201035597.m3u8?zsicd
   速度: 259.77KB/s > 150KB/s | 数据量: 0.3KB | 总耗时: 0.80s
[2026-06-14 22:59:29] ⚠️ 仅读取 0.2KB 数据: https://l2fpdktp.live.sxmty.com/live/hls/e4c3b363cc4549788e2d983f403e07db/d99ce1eb686e41b9afc888110bd95aa7.m3u8?zshanxd
[2026-06-14 22:59:29] ✅ 测速成功: https://l2fpdktp.live.sxmty.com/live/hls/e4c3b363cc4549788e2d983f403e07db/d99ce1eb686e41b9afc888110bd95aa7.m3u8?zshanxd
   速度: 160.16KB/s > 150KB/s | 数据量: 0.2KB | 总耗时: 1.48s
[2026-06-14 22:59:30] ⚠️ 仅读取 0.2KB 数据: http://jrlive.jrntv.com/live/_definst_/dangjians/playlist.m3u8?%E5%85%B3%E6%B3%A8%E5%BE%AE%E4%BF%A1%E5%85%AC%E4%BC%97%E5%8F%B7[%E6%99%B4%E5%9B%AD]
[2026-06-14 22:59:30] ⚠️ 速度不足: http://jrlive.jrntv.com/live/_definst_/dangjians/playlist.m3u8?%E5%85%B3%E6%B3%A8%E5%BE%AE%E4%BF%A1%E5%85%AC%E4%BC%97%E5%8F%B7[%E6%99%B4%E5%9B%AD]
   速度: 14.84KB/s <= 150KB/s | 数据量: 0.2KB | 总耗时: 1.43s
[2026-06-14 22:59:31] ⚠️ 仅读取 0.3KB 数据: http://file.loulannews.cn/nmip-media/channellive/channel103824/playlist.m3u8
[2026-06-14 22:59:31] ✅ 测速成功: http://file.loulannews.cn/nmip-media/channellive/channel103824/playlist.m3u8
   速度: 271.48KB/s > 150KB/s | 数据量: 0.3KB | 总耗时: 0.90s
[2026-06-14 22:59:32] ⚠️ 仅读取 0.3KB 数据: https://m3u8channel-bx.yunxya.com/nmip-media/channellive/channel104666/playlist.m3u8
[2026-06-14 22:59:32] ✅ 测速成功: https://m3u8channel-bx.yunxya.com/nmip-media/channellive/channel104666/playlist.m3u8
   速度: 271.48KB/s > 150KB/s | 数据量: 0.3KB | 总耗时: 1.35s
[2026-06-14 22:59:34] ⚠️ 仅读取 0.4KB 数据: https://stream.hrbtv.net/ylpd/sd/live.m3u8
[2026-06-14 22:59:34] ✅ 测速成功: https://stream.hrbtv.net/ylpd/sd/live.m3u8
   速度: 370.12KB/s > 150KB/s | 数据量: 0.4KB | 总耗时: 1.15s
[2026-06-14 22:59:35] ⚠️ 仅读取 0.2KB 数据: http://play.kankanlive.com/live/1720583434627241.m3u8
[2026-06-14 22:59:35] ✅ 测速成功: http://play.kankanlive.com/live/1720583434627241.m3u8
   速度: 249.02KB/s > 150KB/s | 数据量: 0.2KB | 总耗时: 1.82s
[2026-06-14 22:59:36] ⚠️ 仅读取 0.2KB 数据: http://www.guzhenm.com:7001/hls/hd-live.m3u8?%E5%85%B3%E6%B3%A8%E5%BE%AE%E4%BF%A1%E5%85%AC%E4%BC%97%E5%8F%B7[%E6%99%B4%E5%9B%AD]
[2026-06-14 22:59:36] ✅ 测速成功: http://www.guzhenm.com:7001/hls/hd-live.m3u8?%E5%85%B3%E6%B3%A8%E5%BE%AE%E4%BF%A1%E5%85%AC%E4%BC%97%E5%8F%B7[%E6%99%B4%E5%9B%AD]
   速度: 178.71KB/s > 150KB/s | 数据量: 0.2KB | 总耗时: 0.97s
[2026-06-14 22:59:39] ⚠️ 仅读取 0.1KB 数据: http://live.daningtv.com/aac_dngb/playlist.m3u8
[2026-06-14 22:59:39] ⚠️ 速度不足: http://live.daningtv.com/aac_dngb/playlist.m3u8
   速度: 67.38KB/s <= 150KB/s | 数据量: 0.1KB | 总耗时: 2.18s
[2026-06-14 22:59:40] ⚠️ 仅读取 0.7KB 数据: https://p2.vzan.com/slowlive/596867413819827251/live.m3u8?zbid=1725814272&tpid=1516989100&type=0
[2026-06-14 22:59:40] ✅ 测速成功: https://p2.vzan.com/slowlive/596867413819827251/live.m3u8?zbid=1725814272&tpid=1516989100&type=0
   速度: 684.57KB/s > 150KB/s | 数据量: 0.7KB | 总耗时: 1.24s
[2026-06-14 22:59:44] ❌ 测速失败: http://tvfile.jjrm.org.cn/nmip-media/channellive/channel106282/playlist.m3u8?zsicd
   错误: HTTPConnectionPool(host='tvfile.jjrm.org.cn', port=80): Max retries exceeded with url: /nmip-media/channellive/channel106282/playlist.m3u8?zsicd (Caused by ConnectTimeoutError(<HTTPConnection(host='tvfile.jjrm.org.cn', port=80) at 0x7f7533442eb0>, 'Connection to tvfile.jjrm.org.cn timed out. (connect timeout=3.05)')) | 域名: tvfile.jjrm.org.cn:80
[2026-06-14 22:59:44] ⚠️ 仅读取 0.2KB 数据: http://dspdhls.appcoo.com:8888/live/dspd/index.m3u8
[2026-06-14 22:59:44] ✅ 测速成功: http://dspdhls.appcoo.com:8888/live/dspd/index.m3u8
   速度: 155.27KB/s > 150KB/s | 数据量: 0.2KB | 总耗时: 0.56s
[2026-06-14 22:59:46] ⚠️ 仅读取 0.4KB 数据: http://lbyzztfe.live.sxmty.com/live/hls/645ff4c60e0a49f0a203abbd73dd8be9/0720e665f10f48e98c9639f4f492fb4a-1.m3u8?zshanxd
[2026-06-14 22:59:46] ✅ 测速成功: http://lbyzztfe.live.sxmty.com/live/hls/645ff4c60e0a49f0a203abbd73dd8be9/0720e665f10f48e98c9639f4f492fb4a-1.m3u8?zshanxd
   速度: 437.50KB/s > 150KB/s | 数据量: 0.4KB | 总耗时: 2.26s
[2026-06-14 22:59:47] ⚠️ 仅读取 0.3KB 数据: http://yixing-tv-ori-hls.jstv.com/yixing-tv-ori/yixing_xw.m3u8
[2026-06-14 22:59:47] ✅ 测速成功: http://yixing-tv-ori-hls.jstv.com/yixing-tv-ori/yixing_xw.m3u8
   速度: 257.81KB/s > 150KB/s | 数据量: 0.3KB | 总耗时: 0.39s
[2026-06-14 22:59:48] ⚠️ 仅读取 1.0KB 数据: http://play-sh13.quklive.com/live/1690167908295069.m3u8?auth_key=2027466211-f190eec410c24473825cbe1d8541e545-0-f21db57ae1b534802c1cf7be86cc3aef
[2026-06-14 22:59:48] ✅ 测速成功: http://play-sh13.quklive.com/live/1690167908295069.m3u8?auth_key=2027466211-f190eec410c24473825cbe1d8541e545-0-f21db57ae1b534802c1cf7be86cc3aef
   速度: 1011.72KB/s > 150KB/s | 数据量: 1.0KB | 总耗时: 1.09s
[2026-06-14 22:59:49] ⚠️ 仅读取 0.4KB 数据: https://tntgjhjb.live.sxmty.com/live/hls/3a4585ac11ec4e1bb07b419101b370c3/baf63e2b313440c2a25d7859f9b73b05-1.m3u8?zshanxd
[2026-06-14 22:59:49] ✅ 测速成功: https://tntgjhjb.live.sxmty.com/live/hls/3a4585ac11ec4e1bb07b419101b370c3/baf63e2b313440c2a25d7859f9b73b05-1.m3u8?zshanxd
   速度: 429.69KB/s > 150KB/s | 数据量: 0.4KB | 总耗时: 1.41s
[2026-06-14 22:59:51] ⚠️ 仅读取 0.3KB 数据: https://live.gdtv.ah.cn/live/newsTV.m3u8
[2026-06-14 22:59:51] ✅ 测速成功: https://live.gdtv.ah.cn/live/newsTV.m3u8
   速度: 333.98KB/s > 150KB/s | 数据量: 0.3KB | 总耗时: 1.71s
[2026-06-14 22:59:52] ⚠️ 仅读取 0.2KB 数据: https://hlscdn.liangtv.cn/live/0234c48e0bc24fe1b41b9999a253e581/1075ee38e04f490690f6a36a16e09c79.m3u8
[2026-06-14 22:59:52] ✅ 测速成功: https://hlscdn.liangtv.cn/live/0234c48e0bc24fe1b41b9999a253e581/1075ee38e04f490690f6a36a16e09c79.m3u8
   速度: 179.69KB/s > 150KB/s | 数据量: 0.2KB | 总耗时: 0.69s
[2026-06-14 22:59:53] ⚠️ 仅读取 0.1KB 数据: http://stream5.jlntv.cn/wq/playlist.m3u8
[2026-06-14 22:59:53] ⚠️ 速度不足: http://stream5.jlntv.cn/wq/playlist.m3u8
   速度: 91.80KB/s <= 150KB/s | 数据量: 0.1KB | 总耗时: 1.65s
[2026-06-14 22:59:54] ⚠️ 仅读取 0.2KB 数据: https://play.kankanlive.com/live/1720583434627241.m3u8
[2026-06-14 22:59:54] ✅ 测速成功: https://play.kankanlive.com/live/1720583434627241.m3u8
   速度: 250.00KB/s > 150KB/s | 数据量: 0.2KB | 总耗时: 0.76s
[2026-06-14 22:59:55] ⚠️ 仅读取 0.4KB 数据: http://stream11.jlntv.cn/dehuitv/sd/live.m3u8
[2026-06-14 22:59:55] ✅ 测速成功: http://stream11.jlntv.cn/dehuitv/sd/live.m3u8
   速度: 370.12KB/s > 150KB/s | 数据量: 0.4KB | 总耗时: 1.12s
[2026-06-14 22:59:56] ⚠️ 仅读取 0.1KB 数据: http://stream8.jlntv.cn/dhtv/playlist.m3u8
[2026-06-14 22:59:56] ⚠️ 速度不足: http://stream8.jlntv.cn/dhtv/playlist.m3u8
   速度: 91.80KB/s <= 150KB/s | 数据量: 0.1KB | 总耗时: 0.89s
[2026-06-14 22:59:59] ❌ 测速失败: http://live.xysrmt.cn/xwzh/sd/live.m3u8?zjiangsd"
   错误: HTTPConnectionPool(host='live.xysrmt.cn', port=80): Max retries exceeded with url: /xwzh/sd/live.m3u8?zjiangsd%22 (Caused by NewConnectionError("HTTPConnection(host='live.xysrmt.cn', port=80): Failed to establish a new connection: [Errno 101] Network is unreachable")) | 域名: live.xysrmt.cn:80
[2026-06-14 23:00:00] ⚠️ 仅读取 2.0KB 数据: http://tvpull.dxhmt.cn:9081/tv/11329-1.m3u8
[2026-06-14 23:00:00] ✅ 测速成功: http://tvpull.dxhmt.cn:9081/tv/11329-1.m3u8
   速度: 1968.75KB/s > 150KB/s | 数据量: 2.0KB | 总耗时: 0.32s
[2026-06-14 23:00:01] ⚠️ 仅读取 0.3KB 数据: https://m3u8channel.yunxya.com/nmip-media/channellive/channel100028/playlist.m3u8
[2026-06-14 23:00:01] ✅ 测速成功: https://m3u8channel.yunxya.com/nmip-media/channellive/channel100028/playlist.m3u8
   速度: 271.48KB/s > 150KB/s | 数据量: 0.3KB | 总耗时: 1.46s
[2026-06-14 23:00:03] ⚠️ 仅读取 7.5KB 数据: https://stream.thmz.com/wxtv2/playlist.m3u8
[2026-06-14 23:00:03] ✅ 测速成功: https://stream.thmz.com/wxtv2/playlist.m3u8
   速度: 7549.80KB/s > 150KB/s | 数据量: 7.5KB | 总耗时: 2.01s
[2026-06-14 23:00:04] ⚠️ 仅读取 7.5KB 数据: http://stream.thmz.com/wxtv2/sd/live.m3u8?_upt=acffe97a1704940314
[2026-06-14 23:00:04] ✅ 测速成功: http://stream.thmz.com/wxtv2/sd/live.m3u8?_upt=acffe97a1704940314
   速度: 7549.80KB/s > 150KB/s | 数据量: 7.5KB | 总耗时: 1.02s
[2026-06-14 23:00:05] ⚠️ 仅读取 0.2KB 数据: http://live.spccmc.com:90/live/spxwzh.m3u8?%E5%85%B3%E6%B3%A8%E5%BE%AE%E4%BF%A1%E5%85%AC%E4%BC%97%E5%8F%B7[%E6%99%B4%E5%9B%AD]
[2026-06-14 23:00:05] ⚠️ 速度不足: http://live.spccmc.com:90/live/spxwzh.m3u8?%E5%85%B3%E6%B3%A8%E5%BE%AE%E4%BF%A1%E5%85%AC%E4%BC%97%E5%8F%B7[%E6%99%B4%E5%9B%AD]
   速度: 0.94KB/s <= 150KB/s | 数据量: 0.2KB | 总耗时: 1.17s
[2026-06-14 23:00:07] ⚠️ 仅读取 0.4KB 数据: https://zb-live.ynurl.com/yimen/3b75a2f9-7941-46b7-992d-a9796fbca5fe.m3u8
[2026-06-14 23:00:07] ✅ 测速成功: https://zb-live.ynurl.com/yimen/3b75a2f9-7941-46b7-992d-a9796fbca5fe.m3u8
   速度: 379.88KB/s > 150KB/s | 数据量: 0.4KB | 总耗时: 1.70s
[2026-06-14 23:00:08] ⚠️ 仅读取 0.1KB 数据: http://zb.gxlbamc.com:1935/live/lbzh.stream/playlist.m3u8
[2026-06-14 23:00:08] ⚠️ 速度不足: http://zb.gxlbamc.com:1935/live/lbzh.stream/playlist.m3u8
   速度: 0.58KB/s <= 150KB/s | 数据量: 0.1KB | 总耗时: 1.07s
[2026-06-14 23:00:09] ⚠️ 仅读取 0.3KB 数据: https://dxtx.hntv.tv/live/lypd.m3u8?txSecret=10c771842a0be59e8b575d765173ec96&txTime=7B923E0A&wsSecret=41543190cdf375f1c73207222bb96542&wsTime=1769313549
[2026-06-14 23:00:09] ✅ 测速成功: https://dxtx.hntv.tv/live/lypd.m3u8?txSecret=10c771842a0be59e8b575d765173ec96&txTime=7B923E0A&wsSecret=41543190cdf375f1c73207222bb96542&wsTime=1769313549
   速度: 280.27KB/s > 150KB/s | 数据量: 0.3KB | 总耗时: 1.27s
[2026-06-14 23:00:11] ⚠️ 仅读取 0.3KB 数据: https://live.wjyanghu.com/live/CH1.m3u8
[2026-06-14 23:00:11] ✅ 测速成功: https://live.wjyanghu.com/live/CH1.m3u8
   速度: 265.62KB/s > 150KB/s | 数据量: 0.3KB | 总耗时: 1.39s
[2026-06-14 23:00:13] ⚠️ 仅读取 0.3KB 数据: http://live.wjyanghu.com/live/CH2.m3u8
[2026-06-14 23:00:13] ✅ 测速成功: http://live.wjyanghu.com/live/CH2.m3u8
   速度: 265.62KB/s > 150KB/s | 数据量: 0.3KB | 总耗时: 1.68s
[2026-06-14 23:00:13] ⚠️ 仅读取 0.2KB 数据: http://live.iwcmt.cn:90/live/zhxw.m3u8
[2026-06-14 23:00:13] ⚠️ 速度不足: http://live.iwcmt.cn:90/live/zhxw.m3u8
   速度: 1.09KB/s <= 150KB/s | 数据量: 0.2KB | 总耗时: 0.90s
[2026-06-14 23:00:14] ⚠️ 仅读取 0.3KB 数据: http://file.ysxtv.cn/cms/videos/nmip-media/channellive/channel4/playlist.m3u8?zsicd
[2026-06-14 23:00:14] ✅ 测速成功: http://file.ysxtv.cn/cms/videos/nmip-media/channellive/channel4/playlist.m3u8?zsicd
   速度: 265.62KB/s > 150KB/s | 数据量: 0.3KB | 总耗时: 0.98s
[2026-06-14 23:00:19] RTMP检测成功: rtmp://tv.mcrm.org.cn:1935/channellive/tv01
[2026-06-14 23:00:20] ⚠️ 仅读取 0.2KB 数据: https://shuyang-tv-hls.cm.jstv.com:443/shuyang-tv/shuyangzh.m3u8
[2026-06-14 23:00:20] ✅ 测速成功: https://shuyang-tv-hls.cm.jstv.com:443/shuyang-tv/shuyangzh.m3u8
   速度: 160.16KB/s > 150KB/s | 数据量: 0.2KB | 总耗时: 0.48s
[2026-06-14 23:00:21] ⚠️ 仅读取 0.3KB 数据: https://radio.pull.hebtv.com/live/hebnczx.m3u8
[2026-06-14 23:00:21] ✅ 测速成功: https://radio.pull.hebtv.com/live/hebnczx.m3u8
   速度: 339.84KB/s > 150KB/s | 数据量: 0.3KB | 总耗时: 1.51s
[2026-06-14 23:00:22] ⚠️ 仅读取 0.4KB 数据: http://tmpstream.hyrtv.cn/hygg/sd/live.m3u8
[2026-06-14 23:00:22] ✅ 测速成功: http://tmpstream.hyrtv.cn/hygg/sd/live.m3u8
   速度: 354.49KB/s > 150KB/s | 数据量: 0.4KB | 总耗时: 0.68s
[2026-06-14 23:00:25] ❌ 测速失败: http://live1.habctv.com/ggpdsl/sd/live.m3u8?zjiangsd
   错误: HTTPConnectionPool(host='live1.habctv.com', port=80): Max retries exceeded with url: /ggpdsl/sd/live.m3u8?zjiangsd (Caused by ConnectTimeoutError(<HTTPConnection(host='live1.habctv.com', port=80) at 0x7f753340dee0>, 'Connection to live1.habctv.com timed out. (connect timeout=3.05)')) | 域名: live1.habctv.com:80
[2026-06-14 23:00:26] ⚠️ 仅读取 0.8KB 数据: http://3739115337.cloudvdn.com/a.m3u8?domain=siyang-tv-hls.cm.jstv.com&player=nwEAAKHdjSKP_58X&secondToken=secondToken%3A5FUijZmDyNMxtCDdne0YzSAwjuw&streamid=siyang-tv%3Asiyang-tv%2Fsiyangzh&v3=1
[2026-06-14 23:00:26] ✅ 测速成功: http://3739115337.cloudvdn.com/a.m3u8?domain=siyang-tv-hls.cm.jstv.com&player=nwEAAKHdjSKP_58X&secondToken=secondToken%3A5FUijZmDyNMxtCDdne0YzSAwjuw&streamid=siyang-tv%3Asiyang-tv%2Fsiyangzh&v3=1
   速度: 755.86KB/s > 150KB/s | 数据量: 0.8KB | 总耗时: 0.65s
[2026-06-14 23:00:29] ❌ 测速失败: http://lxfile.lxxcb.cn/nmip-media/channellive/channel103799/playlist.m3u8
   错误: HTTPConnectionPool(host='lxfile.lxxcb.cn', port=80): Max retries exceeded with url: /nmip-media/channellive/channel103799/playlist.m3u8 (Caused by NewConnectionError("HTTPConnection(host='lxfile.lxxcb.cn', port=80): Failed to establish a new connection: [Errno 101] Network is unreachable")) | 域名: lxfile.lxxcb.cn:80
[2026-06-14 23:00:31] ⚠️ 仅读取 0.3KB 数据: https://m3u8channel.ganzitv.com/nmip-media/channellive/channel1/playlist.m3u8
[2026-06-14 23:00:31] ✅ 测速成功: https://m3u8channel.ganzitv.com/nmip-media/channellive/channel1/playlist.m3u8
   速度: 271.48KB/s > 150KB/s | 数据量: 0.3KB | 总耗时: 1.50s
[2026-06-14 23:00:31] ⚠️ 仅读取 0.3KB 数据: http://play.jinnantv.top/live/JNTV1.m3u8?ztianjd
[2026-06-14 23:00:31] ✅ 测速成功: http://play.jinnantv.top/live/JNTV1.m3u8?ztianjd
   速度: 250.98KB/s > 150KB/s | 数据量: 0.3KB | 总耗时: 0.52s
[2026-06-14 23:00:33] ⚠️ 仅读取 0.7KB 数据: https://p2hs.vzan.com/slowlive/317913155078575177/live.m3u8
[2026-06-14 23:00:33] ✅ 测速成功: https://p2hs.vzan.com/slowlive/317913155078575177/live.m3u8
   速度: 686.52KB/s > 150KB/s | 数据量: 0.7KB | 总耗时: 1.66s
[2026-06-14 23:00:33] ⚠️ 仅读取 0.2KB 数据: https://lianshui-tv-hls.cm.jstv.com:443/lianshui-tv/lsxw.m3u8
[2026-06-14 23:00:33] ✅ 测速成功: https://lianshui-tv-hls.cm.jstv.com:443/lianshui-tv/lsxw.m3u8
   速度: 160.16KB/s > 150KB/s | 数据量: 0.2KB | 总耗时: 0.45s
[2026-06-14 23:00:33] ⚠️ 仅读取 0.2KB 数据: http://lianshui-tv-hls.cm.jstv.com/lianshui-tv/lsxw.m3u8?zjiangsd
[2026-06-14 23:00:33] ✅ 测速成功: http://lianshui-tv-hls.cm.jstv.com/lianshui-tv/lsxw.m3u8?zjiangsd
   速度: 160.16KB/s > 150KB/s | 数据量: 0.2KB | 总耗时: 0.07s
[2026-06-14 23:00:34] ⚠️ 仅读取 0.4KB 数据: https://huaiyin-tv-replay.cm.jstv.com/huaiyin-tv/huaiyinf.m3u8
[2026-06-14 23:00:34] ✅ 测速成功: https://huaiyin-tv-replay.cm.jstv.com/huaiyin-tv/huaiyinf.m3u8
   速度: 430.66KB/s > 150KB/s | 数据量: 0.4KB | 总耗时: 1.06s
[2026-06-14 23:00:35] ⚠️ 仅读取 1.1KB 数据: http://hzcm-live.media.hugd.com/1e6b554b9ab74513958c0e1ffe664d22/9acaa7634309494cb29a85eb12136607.m3u8?auth_key=2272900830-9a2389b8bf4e49d580d4ad807423d326-0-ea78a5c7a678c436263582d368f5009e
[2026-06-14 23:00:35] ✅ 测速成功: http://hzcm-live.media.hugd.com/1e6b554b9ab74513958c0e1ffe664d22/9acaa7634309494cb29a85eb12136607.m3u8?auth_key=2272900830-9a2389b8bf4e49d580d4ad807423d326-0-ea78a5c7a678c436263582d368f5009e
   速度: 1119.14KB/s > 150KB/s | 数据量: 1.1KB | 总耗时: 0.73s
[2026-06-14 23:00:37] ⚠️ 仅读取 0.5KB 数据: http://jwplay.hebyun.com.cn/live/LPTV001/1500k/tzwj_video.m3u8
[2026-06-14 23:00:37] ✅ 测速成功: http://jwplay.hebyun.com.cn/live/LPTV001/1500k/tzwj_video.m3u8
   速度: 518.55KB/s > 150KB/s | 数据量: 0.5KB | 总耗时: 2.33s
[2026-06-14 23:00:38] ⚠️ 仅读取 1.9KB 数据: http://traffic.jbh.tjbh.com/live/bhtv10/playlist.m3u8
[2026-06-14 23:00:38] ✅ 测速成功: http://traffic.jbh.tjbh.com/live/bhtv10/playlist.m3u8
   速度: 1939.45KB/s > 150KB/s | 数据量: 1.9KB | 总耗时: 0.53s
[2026-06-14 23:00:44] ❌ 测速失败: http://live.yantaitv.cn/live/e50f104a4ffe4a41b2217cbda534146f/d86092e69df94668b33390278b061700-1.m3u8
   错误: HTTPConnectionPool(host='live.yantaitv.cn', port=80): Read timed out. (read timeout=5) | 域名: live.yantaitv.cn:80
[2026-06-14 23:00:46] ⚠️ 仅读取 0.9KB 数据: https://live.264788.xyz/channel/fujianxiangcungonggong?streamid=2987cc24bada6a8c25589409a6452d9e&livekey=01WgOR41rriMmMkzNsd0UoaxJRwetZdxIvtVk
[2026-06-14 23:00:46] ✅ 测速成功: https://live.264788.xyz/channel/fujianxiangcungonggong?streamid=2987cc24bada6a8c25589409a6452d9e&livekey=01WgOR41rriMmMkzNsd0UoaxJRwetZdxIvtVk
   速度: 917.97KB/s > 150KB/s | 数据量: 0.9KB | 总耗时: 1.90s
[2026-06-14 23:00:47] ⚠️ 仅读取 0.7KB 数据: http://live.shaoxing.com.cn/video/s10001-sxtv2/index.m3u8
[2026-06-14 23:00:47] ✅ 测速成功: http://live.shaoxing.com.cn/video/s10001-sxtv2/index.m3u8
   速度: 681.64KB/s > 150KB/s | 数据量: 0.7KB | 总耗时: 0.72s
[2026-06-14 23:00:47] ⚠️ 仅读取 0.3KB 数据: https://live-auth.51kandianshi.com/szgd/csztv3.m3u8
[2026-06-14 23:00:47] ✅ 测速成功: https://live-auth.51kandianshi.com/szgd/csztv3.m3u8
   速度: 286.13KB/s > 150KB/s | 数据量: 0.3KB | 总耗时: 0.82s
[2026-06-14 23:00:48] ⚠️ 仅读取 0.4KB 数据: http://stream.jmtv.com.cn/xwzh/sd/live.m3u8
[2026-06-14 23:00:48] ✅ 测速成功: http://stream.jmtv.com.cn/xwzh/sd/live.m3u8
   速度: 356.45KB/s > 150KB/s | 数据量: 0.4KB | 总耗时: 0.76s
[2026-06-14 23:00:49] ⚠️ 仅读取 0.1KB 数据: https://stream.jmtv.com.cn/xwzh/playlist.m3u8?_upt=3e28e7271664278691
[2026-06-14 23:00:49] ⚠️ 速度不足: https://stream.jmtv.com.cn/xwzh/playlist.m3u8?_upt=3e28e7271664278691
   速度: 68.36KB/s <= 150KB/s | 数据量: 0.1KB | 总耗时: 0.95s
[2026-06-14 23:00:51] ⚠️ 仅读取 0.3KB 数据: https://m3u8channel-yj.yunxya.com/nmip-media/channellive/channel101140/playlist.m3u8
[2026-06-14 23:00:51] ✅ 测速成功: https://m3u8channel-yj.yunxya.com/nmip-media/channellive/channel101140/playlist.m3u8
   速度: 271.48KB/s > 150KB/s | 数据量: 0.3KB | 总耗时: 1.65s
[2026-06-14 23:00:52] ⚠️ 仅读取 0.3KB 数据: https://file.ysxtv.cn/nmip-media/channellive/channel101492/playlist.m3u8
[2026-06-14 23:00:52] ✅ 测速成功: https://file.ysxtv.cn/nmip-media/channellive/channel101492/playlist.m3u8
   速度: 271.48KB/s > 150KB/s | 数据量: 0.3KB | 总耗时: 1.01s
[2026-06-14 23:00:53] ⚠️ 仅读取 0.4KB 数据: https://liveplay-srs.voc.com.cn/hls/tv/183_554704.m3u8
[2026-06-14 23:00:53] ✅ 测速成功: https://liveplay-srs.voc.com.cn/hls/tv/183_554704.m3u8
   速度: 444.34KB/s > 150KB/s | 数据量: 0.4KB | 总耗时: 1.18s
[2026-06-14 23:00:54] ⚠️ 仅读取 0.3KB 数据: https://pili-live-hls-sjxgz2024.sobeylive.com/jxgz2024/396_q_live172526334096251.m3u8
[2026-06-14 23:00:54] ✅ 测速成功: https://pili-live-hls-sjxgz2024.sobeylive.com/jxgz2024/396_q_live172526334096251.m3u8
   速度: 275.39KB/s > 150KB/s | 数据量: 0.3KB | 总耗时: 1.10s
[2026-06-14 23:00:55] ⚠️ 仅读取 0.0KB 数据: http://183.64.174.171:40123/ch1.m3u8?zzhongqd
[2026-06-14 23:00:55] ⚠️ 速度不足: http://183.64.174.171:40123/ch1.m3u8?zzhongqd
   速度: 0.00KB/s <= 150KB/s | 数据量: 0.0KB | 总耗时: 0.52s
[2026-06-14 23:00:55] ⚠️ 仅读取 0.4KB 数据: http://zjtv-wshls.homecdn.com/live/2aa16.m3u8
[2026-06-14 23:00:55] ✅ 测速成功: http://zjtv-wshls.homecdn.com/live/2aa16.m3u8
   速度: 431.64KB/s > 150KB/s | 数据量: 0.4KB | 总耗时: 0.84s
[2026-06-14 23:00:57] ⚠️ 仅读取 0.4KB 数据: https://play.yunxya.com/channellive/xinwen.m3u8
[2026-06-14 23:00:57] ✅ 测速成功: https://play.yunxya.com/channellive/xinwen.m3u8
   速度: 363.28KB/s > 150KB/s | 数据量: 0.4KB | 总耗时: 1.49s
[2026-06-14 23:00:58] ⚠️ 仅读取 0.3KB 数据: http://qcfile.qcrmt.com/nmip-media/channellive/channel100933/playlist.m3u8
[2026-06-14 23:00:58] ✅ 测速成功: http://qcfile.qcrmt.com/nmip-media/channellive/channel100933/playlist.m3u8
   速度: 265.62KB/s > 150KB/s | 数据量: 0.3KB | 总耗时: 0.82s
[2026-06-14 23:01:08] ⚠️ 仅读取 0.4KB 数据: http://hslive.hsnewsnet.com/lsdream/iY92ady/1000/live.m3u8?zanhd
[2026-06-14 23:01:08] ✅ 测速成功: http://hslive.hsnewsnet.com/lsdream/iY92ady/1000/live.m3u8?zanhd
   速度: 358.40KB/s > 150KB/s | 数据量: 0.4KB | 总耗时: 10.20s
[2026-06-14 23:01:09] ⚠️ 仅读取 0.4KB 数据: https://english-livetx.cgtn.com/hls/yypdjlctzb_hd.m3u8
[2026-06-14 23:01:09] ✅ 测速成功: https://english-livetx.cgtn.com/hls/yypdjlctzb_hd.m3u8
   速度: 402.34KB/s > 150KB/s | 数据量: 0.4KB | 总耗时: 0.98s
[2026-06-14 23:01:10] ⚠️ 仅读取 7.6KB 数据: http://newcntv.qcloudcdn.com/asp/hls/4000/0303000a/3/default/2bdfdad540b342f592f9817cb7f3b79a/4000.m3u8
[2026-06-14 23:01:10] ✅ 测速成功: http://newcntv.qcloudcdn.com/asp/hls/4000/0303000a/3/default/2bdfdad540b342f592f9817cb7f3b79a/4000.m3u8
   速度: 7620.12KB/s > 150KB/s | 数据量: 7.6KB | 总耗时: 1.16s
[2026-06-14 23:01:12] ⚠️ 仅读取 0.3KB 数据: https://liveout.btzx.com.cn/62ds9e/6o77s4.m3u8?zxinjd
[2026-06-14 23:01:12] ✅ 测速成功: https://liveout.btzx.com.cn/62ds9e/6o77s4.m3u8?zxinjd
   速度: 265.62KB/s > 150KB/s | 数据量: 0.3KB | 总耗时: 1.55s
[2026-06-14 23:01:12] ⚠️ 仅读取 5.4KB 数据: https://hls.cntv.lxdns.com/asp/hls/2000/0303000a/3/default/f0a47e155d32450daa1d36a04fd7d262/2000.m3u8
[2026-06-14 23:01:12] ✅ 测速成功: https://hls.cntv.lxdns.com/asp/hls/2000/0303000a/3/default/f0a47e155d32450daa1d36a04fd7d262/2000.m3u8
   速度: 4881.58KB/s > 150KB/s | 数据量: 5.4KB | 总耗时: 0.82s
[2026-06-14 23:01:13] ⚠️ 仅读取 5.7KB 数据: https://newcntv.qcloudcdn.com/asp/hls/2000/0303000a/3/default/d2454bbb542d4613a9db478dab2addfd/2000.m3u8
[2026-06-14 23:01:13] ✅ 测速成功: https://newcntv.qcloudcdn.com/asp/hls/2000/0303000a/3/default/d2454bbb542d4613a9db478dab2addfd/2000.m3u8
   速度: 5678.71KB/s > 150KB/s | 数据量: 5.7KB | 总耗时: 1.08s
[2026-06-14 23:01:16] ⚠️ 仅读取 0.0KB 数据: https://www.goodiptv.club/douyu/5907076
[2026-06-14 23:01:16] ⚠️ 速度不足: https://www.goodiptv.club/douyu/5907076
   速度: 0.00KB/s <= 150KB/s | 数据量: 0.0KB | 总耗时: 2.14s
[2026-06-14 23:01:16] ⚠️ 仅读取 0.7KB 数据: https://AMChls.wns.live/hls/stream.m3u8
[2026-06-14 23:01:16] ✅ 测速成功: https://AMChls.wns.live/hls/stream.m3u8
   速度: 701.17KB/s > 150KB/s | 数据量: 0.7KB | 总耗时: 0.44s
[2026-06-14 23:01:16] ⚠️ 仅读取 0.3KB 数据: http://61.221.215.25:8800/hls/49/index.m3u8
[2026-06-14 23:01:16] ✅ 测速成功: http://61.221.215.25:8800/hls/49/index.m3u8
   速度: 252.93KB/s > 150KB/s | 数据量: 0.3KB | 总耗时: 0.34s
[2026-06-14 23:01:18] ✅ 测速成功: https://alimov2.a.kwimgs.com/upic/2023/01/13/22/BMjAyMzAxMTMyMjEwMDNfNDAzMDAxOTlfOTM1MTIzMzYwODJfMF8z_b_B647d10e431b4cc5e48e6c77347d69021.mp4
   速度: 3584.96KB/s > 150KB/s | 数据量: 104.0KB | 总耗时: 1.09s
[2026-06-14 23:01:20] ✅ 测速成功: https://p2.bdstatic.com/rtmp.liveshow.lss-user.baidubce.com/live/stream_bduid_6488563992_8982723413/merged_1707497046297_88536_25144_41936.m3u8
   速度: 181.88KB/s > 150KB/s | 数据量: 103.6KB | 总耗时: 2.06s
[2026-06-14 23:01:21] ✅ 测速成功: https://svip.high24-playback.com/20250129/17159_7bca93c4/2000k/hls/mixed.m3u8
   速度: 630.87KB/s > 150KB/s | 数据量: 104.0KB | 总耗时: 1.13s
[2026-06-14 23:01:22] ⚠️ 仅读取 0.3KB 数据: https://gcalic.v.myalicdn.com/gc/ztd_1/index.m3u8
[2026-06-14 23:01:22] ✅ 测速成功: https://gcalic.v.myalicdn.com/gc/ztd_1/index.m3u8
   速度: 304.69KB/s > 150KB/s | 数据量: 0.3KB | 总耗时: 1.01s
[2026-06-14 23:01:23] ⚠️ 仅读取 0.1KB 数据: http://gctxyc.liveplay.myqcloud.com/gc/xjtcdhsz_1/index.m3u8
[2026-06-14 23:01:23] ⚠️ 速度不足: http://gctxyc.liveplay.myqcloud.com/gc/xjtcdhsz_1/index.m3u8
   速度: 99.61KB/s <= 150KB/s | 数据量: 0.1KB | 总耗时: 1.24s
[2026-06-14 23:01:24] ⚠️ 仅读取 0.1KB 数据: https://ldcctvwbcdbd.a.bdydns.com/ldcctvwbcd/cdrmldcctv5plus_1/index.m3u8?BR=td
[2026-06-14 23:01:24] ⚠️ 速度不足: https://ldcctvwbcdbd.a.bdydns.com/ldcctvwbcd/cdrmldcctv5plus_1/index.m3u8?BR=td
   速度: 142.58KB/s <= 150KB/s | 数据量: 0.1KB | 总耗时: 1.24s
[2026-06-14 23:01:25] ⚠️ 仅读取 0.3KB 数据: https://piccpndali.v.myalicdn.com/audio/cctv8_2.m3u8
[2026-06-14 23:01:25] ✅ 测速成功: https://piccpndali.v.myalicdn.com/audio/cctv8_2.m3u8
   速度: 278.32KB/s > 150KB/s | 数据量: 0.3KB | 总耗时: 0.82s
[2026-06-14 23:01:25] ⚠️ 仅读取 0.3KB 数据: https://english-livebkali.cgtn.com/live/encgtn_0.m3u8
[2026-06-14 23:01:25] ✅ 测速成功: https://english-livebkali.cgtn.com/live/encgtn_0.m3u8
   速度: 287.11KB/s > 150KB/s | 数据量: 0.3KB | 总耗时: 0.26s
[2026-06-14 23:01:26] ❌ 测速失败: https://live1-fuyun.fjtv.net/dnpd/hd/live.m3u8?_upt=a12a8fca1767412907
   错误: HTTPConnectionPool(host='127.0.0.1', port=80): Max retries exceeded with url: / (Caused by NewConnectionError("HTTPConnection(host='127.0.0.1', port=80): Failed to establish a new connection: [Errno 111] Connection refused")) | 域名: live1-fuyun.fjtv.net:443
[2026-06-14 23:01:27] ⚠️ 仅读取 0.3KB 数据: https://event.pull.hebtv.com:443/live/live101.m3u8
[2026-06-14 23:01:27] ✅ 测速成功: https://event.pull.hebtv.com:443/live/live101.m3u8
   速度: 339.84KB/s > 150KB/s | 数据量: 0.3KB | 总耗时: 1.31s
[2026-06-14 23:01:27] ⚠️ 仅读取 0.4KB 数据: http://121.19.134.119:808/tsfile/live/0001_1.m3u8?key=txiptv&playlive=1&authid=0
[2026-06-14 23:01:27] ✅ 测速成功: http://121.19.134.119:808/tsfile/live/0001_1.m3u8?key=txiptv&playlive=1&authid=0
   速度: 418.95KB/s > 150KB/s | 数据量: 0.4KB | 总耗时: 0.47s
[2026-06-14 23:01:28] ⚠️ 仅读取 0.4KB 数据: http://121.19.134.56:808/tsfile/live/0003_1.m3u8?key=txiptv&playlive=1&authid=0
[2026-06-14 23:01:28] ✅ 测速成功: http://121.19.134.56:808/tsfile/live/0003_1.m3u8?key=txiptv&playlive=1&authid=0
   速度: 418.95KB/s > 150KB/s | 数据量: 0.4KB | 总耗时: 0.48s
[2026-06-14 23:01:28] ⚠️ 仅读取 0.4KB 数据: http://125.42.148.181:9901/tsfile/live/1000_1.m3u8?key=txiptv&playlive=1&authid=0
[2026-06-14 23:01:28] ✅ 测速成功: http://125.42.148.181:9901/tsfile/live/1000_1.m3u8?key=txiptv&playlive=1&authid=0
   速度: 433.59KB/s > 150KB/s | 数据量: 0.4KB | 总耗时: 0.45s
[2026-06-14 23:01:29] ⚠️ 仅读取 0.4KB 数据: http://182.114.49.33:9901/tsfile/live/0001_1.m3u8?key=txiptv&playlive=1&authid=0
[2026-06-14 23:01:29] ✅ 测速成功: http://182.114.49.33:9901/tsfile/live/0001_1.m3u8?key=txiptv&playlive=1&authid=0
   速度: 418.95KB/s > 150KB/s | 数据量: 0.4KB | 总耗时: 0.48s
[2026-06-14 23:01:29] ⚠️ 仅读取 0.4KB 数据: http://182.114.48.172:9901/tsfile/live/0001_1.m3u8?key=txiptv&playlive=1&authid=0
[2026-06-14 23:01:29] ✅ 测速成功: http://182.114.48.172:9901/tsfile/live/0001_1.m3u8?key=txiptv&playlive=1&authid=0
   速度: 418.95KB/s > 150KB/s | 数据量: 0.4KB | 总耗时: 0.44s
[2026-06-14 23:01:30] ⚠️ 仅读取 0.4KB 数据: http://221.193.168.153:9901/tsfile/live/0001_1.m3u8?key=txiptv&playlive=1&authid=0
[2026-06-14 23:01:30] ✅ 测速成功: http://221.193.168.153:9901/tsfile/live/0001_1.m3u8?key=txiptv&playlive=1&authid=0
   速度: 408.20KB/s > 150KB/s | 数据量: 0.4KB | 总耗时: 0.47s
[2026-06-14 23:01:30] ⚠️ 仅读取 0.4KB 数据: http://221.13.235.158:9901/tsfile/live/0001_1.m3u8?key=txiptv&playlive=1&authid=0
[2026-06-14 23:01:30] ✅ 测速成功: http://221.13.235.158:9901/tsfile/live/0001_1.m3u8?key=txiptv&playlive=1&authid=0
   速度: 418.95KB/s > 150KB/s | 数据量: 0.4KB | 总耗时: 0.46s
[2026-06-14 23:01:31] ⚠️ 仅读取 0.7KB 数据: http://120.198.95.220:9901/tsfile/live/1020_1.m3u8?key=txiptv&playlive=1&down=1
[2026-06-14 23:01:31] ✅ 测速成功: http://120.198.95.220:9901/tsfile/live/1020_1.m3u8?key=txiptv&playlive=1&down=1
   速度: 658.20KB/s > 150KB/s | 数据量: 0.7KB | 总耗时: 0.53s
[2026-06-14 23:01:31] ⚠️ 仅读取 0.4KB 数据: http://221.13.234.195:9901/tsfile/live/0002_1.m3u8?key=txiptv&playlive=1&authid=0
[2026-06-14 23:01:31] ✅ 测速成功: http://221.13.234.195:9901/tsfile/live/0002_1.m3u8?key=txiptv&playlive=1&authid=0
   速度: 418.95KB/s > 150KB/s | 数据量: 0.4KB | 总耗时: 0.46s
[2026-06-14 23:01:32] ⚠️ 仅读取 0.4KB 数据: http://124.228.160.176:9901/tsfile/live/0016_1.m3u8?key=txiptv&playlive=1&authid=0
[2026-06-14 23:01:32] ✅ 测速成功: http://124.228.160.176:9901/tsfile/live/0016_1.m3u8?key=txiptv&playlive=1&authid=0
   速度: 413.09KB/s > 150KB/s | 数据量: 0.4KB | 总耗时: 0.47s
[2026-06-14 23:01:33] ✅ 测速成功: http://flv4mp4.people.com.cn/videofile7/pvmsvideo/2021/3/10/ShiXinPei_71ec1680d031363446f16a2366abccb9_android_c.mp4
   速度: 3704.33KB/s > 150KB/s | 数据量: 104.0KB | 总耗时: 1.13s
[2026-06-14 23:01:33] ⚠️ 仅读取 0.5KB 数据: http://example.com/update_time.mp4
[2026-06-14 23:01:33] ✅ 测速成功: http://example.com/update_time.mp4
   速度: 545.90KB/s > 150KB/s | 数据量: 0.5KB | 总耗时: 0.05s
[2026-06-14 23:01:33] ⚠️ 仅读取 0.1KB 数据: http://8.138.7.223/tv/1905.php?id=LIVE3YPYZ30E7V1R0
[2026-06-14 23:01:33] ⚠️ 速度不足: http://8.138.7.223/tv/1905.php?id=LIVE3YPYZ30E7V1R0
   速度: 144.53KB/s <= 150KB/s | 数据量: 0.1KB | 总耗时: 0.43s
[2026-06-14 23:01:34] ⚠️ 仅读取 0.1KB 数据: http://101.35.240.114:88/live.php?id=CCTV1
[2026-06-14 23:01:34] ⚠️ 速度不足: http://101.35.240.114:88/live.php?id=CCTV1
   速度: 142.58KB/s <= 150KB/s | 数据量: 0.1KB | 总耗时: 0.47s
[2026-06-14 23:01:37] ❌ 测速失败: http://nn.7x9d.cn/深圳最新.php?id=szws4k
   错误: HTTPConnectionPool(host='nn.7x9d.cn', port=80): Max retries exceeded with url: /%E6%B7%B1%E5%9C%B3%E6%9C%80%E6%96%B0.php?id=szws4k (Caused by ConnectTimeoutError(<HTTPConnection(host='nn.7x9d.cn', port=80) at 0x7f753340deb0>, 'Connection to nn.7x9d.cn timed out. (connect timeout=3.05)')) | 域名: nn.7x9d.cn:80
[2026-06-14 23:01:38] ⚠️ 仅读取 0.4KB 数据: http://event.pull.hebtv.com/jishi/weishi_tingyun.m3u8
[2026-06-14 23:01:38] ✅ 测速成功: http://event.pull.hebtv.com/jishi/weishi_tingyun.m3u8
   速度: 383.79KB/s > 150KB/s | 数据量: 0.4KB | 总耗时: 0.52s
[2026-06-14 23:01:39] ⚠️ 仅读取 0.0KB 数据: https://play-qukan.cztv.com/live/1746687519046362.m3u8
[2026-06-14 23:01:39] ⚠️ 速度不足: https://play-qukan.cztv.com/live/1746687519046362.m3u8
   速度: 16.60KB/s <= 150KB/s | 数据量: 0.0KB | 总耗时: 0.96s
[2026-06-14 23:01:42] ❌ 测速失败: http://148.135.93.213/live.php?id=CCTV2
   错误: HTTPConnectionPool(host='148.135.93.213', port=80): Max retries exceeded with url: /live.php?id=CCTV2 (Caused by ConnectTimeoutError(<HTTPConnection(host='148.135.93.213', port=80) at 0x7f753340dd30>, 'Connection to 148.135.93.213 timed out. (connect timeout=3.05)')) | 域名: 148.135.93.213:80
[2026-06-14 23:01:46] ❌ 测速失败: http://hls.weathertv.cn/tslslive/qCFIfHB/hls/live_sd.m3u8
   错误: HTTPConnectionPool(host='hls.weathertv.cn', port=80): Max retries exceeded with url: /tslslive/qCFIfHB/hls/live_sd.m3u8 (Caused by ConnectTimeoutError(<HTTPConnection(host='hls.weathertv.cn', port=80) at 0x7f75336aedf0>, 'Connection to hls.weathertv.cn timed out. (connect timeout=3.05)')) | 域名: hls.weathertv.cn:80
[2026-06-14 23:01:49] ❌ 测速失败: http://iptv.huuc.edu.cn/hls/cctv1hd.m3u8
   错误: HTTPConnectionPool(host='iptv.huuc.edu.cn', port=80): Max retries exceeded with url: /hls/cctv1hd.m3u8 (Caused by NewConnectionError("HTTPConnection(host='iptv.huuc.edu.cn', port=80): Failed to establish a new connection: [Errno 101] Network is unreachable")) | 域名: iptv.huuc.edu.cn:80
[2026-06-14 23:01:55] ❌ 测速失败: http://p.ytelc.com/169l/0/cctv.php?id=cctv15
   错误: HTTPConnectionPool(host='p.ytelc.com', port=80): Read timed out. (read timeout=5) | 域名: p.ytelc.com:80
[2026-06-14 23:01:56] ⚠️ 仅读取 0.1KB 数据: http://t.061899.xyz/tl/tl.php?id=cctv1
[2026-06-14 23:01:56] ⚠️ 速度不足: http://t.061899.xyz/tl/tl.php?id=cctv1
   速度: 134.77KB/s <= 150KB/s | 数据量: 0.1KB | 总耗时: 1.11s
[2026-06-14 23:01:56] ⚠️ 仅读取 0.9KB 数据: http://120.76.248.139/live/bfgd/4200000108.m3u8
[2026-06-14 23:01:56] ✅ 测速成功: http://120.76.248.139/live/bfgd/4200000108.m3u8
   速度: 859.38KB/s > 150KB/s | 数据量: 0.9KB | 总耗时: 0.44s
[2026-06-14 23:01:58] ⚠️ 仅读取 0.2KB 数据: http://ali.hlspull.yximgs.com/live/b027460e580a463cb7e44eebexcvhnddggdfsdg.flv
[2026-06-14 23:01:58] ✅ 测速成功: http://ali.hlspull.yximgs.com/live/b027460e580a463cb7e44eebexcvhnddggdfsdg.flv
   速度: 248.05KB/s > 150KB/s | 数据量: 0.2KB | 总耗时: 1.48s
[2026-06-14 23:01:58] ❌ 测速失败: http://zhibo.hkstv.tv/livestream/mutfysrq/playlist.m3u8
   错误: HTTPConnectionPool(host='zhibo.hkstv.tv', port=80): Max retries exceeded with url: /livestream/mutfysrq/playlist.m3u8 (Caused by NameResolutionError("HTTPConnection(host='zhibo.hkstv.tv', port=80): Failed to resolve 'zhibo.hkstv.tv' ([Errno -2] Name or service not known)")) | 域名: zhibo.hkstv.tv:80
[2026-06-14 23:01:59] ⚠️ 仅读取 0.4KB 数据: http://106.53.99.30/tv/cctv13.php
[2026-06-14 23:01:59] ✅ 测速成功: http://106.53.99.30/tv/cctv13.php
   速度: 399.41KB/s > 150KB/s | 数据量: 0.4KB | 总耗时: 0.43s
[2026-06-14 23:02:04] ❌ 测速失败: https://gdcucc.v1.mk/gdcucc/brtv8k.m3u8
   错误: HTTPSConnectionPool(host='gdcucc.v1.mk', port=443): Read timed out. (read timeout=5) | 域名: gdcucc.v1.mk:443
[2026-06-14 23:02:05] ⚠️ 仅读取 0.1KB 数据: http://tvbox6.icu/tv/gdmzyd.php?id=104
[2026-06-14 23:02:05] ⚠️ 速度不足: http://tvbox6.icu/tv/gdmzyd.php?id=104
   速度: 142.58KB/s <= 150KB/s | 数据量: 0.1KB | 总耗时: 1.23s
[2026-06-14 23:02:11] ❌ 测速失败: https://hdl-vip-ws.qf.56.com/live/lc_11730.flv
   错误: HTTPSConnectionPool(host='hdl-vip-ws.qf.56.com', port=443): Read timed out. (read timeout=5) | 域名: hdl-vip-ws.qf.56.com:443
[2026-06-14 23:02:11] ⚠️ 仅读取 0.0KB 数据: https://live.tvfix.org/live/cmc/index.m3u8
[2026-06-14 23:02:11] ⚠️ 速度不足: https://live.tvfix.org/live/cmc/index.m3u8
   速度: 0.00KB/s <= 150KB/s | 数据量: 0.0KB | 总耗时: 0.70s
[2026-06-14 23:02:15] ❌ 测速失败: http://bp-livetytv.bestv.cn/ch/bestvwxty.m3u8
   错误: HTTPConnectionPool(host='bp-livetytv.bestv.cn', port=80): Max retries exceeded with url: /ch/bestvwxty.m3u8 (Caused by ConnectTimeoutError(<HTTPConnection(host='bp-livetytv.bestv.cn', port=80) at 0x7f753340d9a0>, 'Connection to bp-livetytv.bestv.cn timed out. (connect timeout=3.05)')) | 域名: bp-livetytv.bestv.cn:80
[2026-06-14 23:02:16] ⚠️ 仅读取 6.3KB 数据: https://other.ottiptv.cc/cwjd.m3u8
[2026-06-14 23:02:16] ✅ 测速成功: https://other.ottiptv.cc/cwjd.m3u8
   速度: 6258.79KB/s > 150KB/s | 数据量: 6.3KB | 总耗时: 0.49s
[2026-06-14 23:02:17] ⚠️ 仅读取 0.2KB 数据: http://r.jdshipin.com/WtYt3
[2026-06-14 23:02:17] ✅ 测速成功: http://r.jdshipin.com/WtYt3
   速度: 242.19KB/s > 150KB/s | 数据量: 0.2KB | 总耗时: 1.17s
[2026-06-14 23:02:17] ⚠️ 仅读取 0.1KB 数据: https://bcovlive-a.akamaihd.net/rce33d845cb9e42dfa302c7ac345f7858/ap-northeast-1/6282251407001/playlist.m3u8
[2026-06-14 23:02:17] ⚠️ 速度不足: https://bcovlive-a.akamaihd.net/rce33d845cb9e42dfa302c7ac345f7858/ap-northeast-1/6282251407001/playlist.m3u8
   速度: 108.40KB/s <= 150KB/s | 数据量: 0.1KB | 总耗时: 0.41s
[2026-06-14 23:02:19] ✅ 测速成功: http://iptv.4666888.xyz/iptv2A.php?id=19
   速度: 455.42KB/s > 150KB/s | 数据量: 104.0KB | 总耗时: 1.87s
[2026-06-14 23:02:19] ⚠️ 仅读取 0.3KB 数据: http://cdn6.163189.xyz/163189/fhzw
[2026-06-14 23:02:19] ✅ 测速成功: http://cdn6.163189.xyz/163189/fhzw
   速度: 294.92KB/s > 150KB/s | 数据量: 0.3KB | 总耗时: 0.34s
[2026-06-14 23:02:20] ⚠️ 仅读取 3.1KB 数据: http://cdn9.163189.xyz/live/as/stream.m3u8
[2026-06-14 23:02:20] ✅ 测速成功: http://cdn9.163189.xyz/live/as/stream.m3u8
   速度: 3118.16KB/s > 150KB/s | 数据量: 3.1KB | 总耗时: 0.43s
[2026-06-14 23:02:20] ⚠️ 仅读取 0.2KB 数据: http://live-hls.macaulotustv.com/lotustv/macaulotustv.m3u8
[2026-06-14 23:02:20] ✅ 测速成功: http://live-hls.macaulotustv.com/lotustv/macaulotustv.m3u8
   速度: 206.05KB/s > 150KB/s | 数据量: 0.2KB | 总耗时: 0.51s
[2026-06-14 23:02:21] ⚠️ 仅读取 6.8KB 数据: http://cdn3.163189.xyz/live/j1/stream.m3u8
[2026-06-14 23:02:21] ✅ 测速成功: http://cdn3.163189.xyz/live/j1/stream.m3u8
   速度: 6822.27KB/s > 150KB/s | 数据量: 6.8KB | 总耗时: 0.31s
[2026-06-14 23:02:24] ❌ 测速失败: http://bxtv.3a.ink/api.php?id=tvbp
   错误: HTTPConnectionPool(host='bxtv.3a.ink', port=80): Max retries exceeded with url: /api.php?id=tvbp (Caused by ConnectTimeoutError(<HTTPConnection(host='bxtv.3a.ink', port=80) at 0x7f7533479640>, 'Connection to bxtv.3a.ink timed out. (connect timeout=3.05)')) | 域名: bxtv.3a.ink:80
[2026-06-14 23:02:25] ⚠️ 仅读取 0.2KB 数据: https://v3.mediacast.hk/webcast/bshdlive-pc/chunklist_w99771165.m3u8
[2026-06-14 23:02:25] ✅ 测速成功: https://v3.mediacast.hk/webcast/bshdlive-pc/chunklist_w99771165.m3u8
   速度: 200.20KB/s > 150KB/s | 数据量: 0.2KB | 总耗时: 1.23s
[2026-06-14 23:02:32] RTMP检测成功: rtmp://f13h.mine.nu/sat/tv051
[2026-06-14 23:02:33] ❌ 测速失败: http://litv.zapi.us.kg/?id=4gtv-4gtv052
   错误: HTTPConnectionPool(host='litv.zapi.us.kg', port=80): Max retries exceeded with url: /?id=4gtv-4gtv052 (Caused by NameResolutionError("HTTPConnection(host='litv.zapi.us.kg', port=80): Failed to resolve 'litv.zapi.us.kg' ([Errno -2] Name or service not known)")) | 域名: litv.zapi.us.kg:80
[2026-06-14 23:02:33] ❌ 测速失败: http://live4play.uk/livehttpplay?channel_id=10126
   错误: HTTPConnectionPool(host='live4play.uk', port=80): Max retries exceeded with url: /livehttpplay?channel_id=10126 (Caused by NewConnectionError("HTTPConnection(host='live4play.uk', port=80): Failed to establish a new connection: [Errno 111] Connection refused")) | 域名: live4play.uk:80
[2026-06-14 23:02:34] ❌ 测速失败: http://mytv.cdn.com.mp/live/dsdy/stream.m3u8
   错误: HTTPConnectionPool(host='mytv.cdn.com.mp', port=80): Max retries exceeded with url: /live/dsdy/stream.m3u8 (Caused by NameResolutionError("HTTPConnection(host='mytv.cdn.com.mp', port=80): Failed to resolve 'mytv.cdn.com.mp' ([Errno -2] Name or service not known)")) | 域名: mytv.cdn.com.mp:80
[2026-06-14 23:02:39] ❌ 测速失败: https://smart.pendy.dpdns.org/Smart.php?id=ftvtaiwan_twn
   错误: HTTPSConnectionPool(host='smart.pendy.dpdns.org', port=443): Read timed out. (read timeout=5) | 域名: smart.pendy.dpdns.org:443
[2026-06-14 23:02:39] ❌ 测速失败: http://livetv.skycf.eu.org/live.m3u8?c=3
   错误: HTTPConnectionPool(host='livetv.skycf.eu.org', port=80): Max retries exceeded with url: /live.m3u8?c=3 (Caused by NameResolutionError("HTTPConnection(host='livetv.skycf.eu.org', port=80): Failed to resolve 'livetv.skycf.eu.org' ([Errno -2] Name or service not known)")) | 域名: livetv.skycf.eu.org:80
[2026-06-14 23:02:40] ⚠️ 仅读取 0.3KB 数据: http://ottproxy2.ist.ooo/livehls/MOB-U1-NO/03.m3u8
[2026-06-14 23:02:40] ✅ 测速成功: http://ottproxy2.ist.ooo/livehls/MOB-U1-NO/03.m3u8
   速度: 328.12KB/s > 150KB/s | 数据量: 0.3KB | 总耗时: 0.50s
[2026-06-14 23:02:41] ⚠️ 仅读取 0.0KB 数据: https://pulltv1.wanfudaluye.com/live/tv1.m3u8
[2026-06-14 23:02:41] ⚠️ 速度不足: https://pulltv1.wanfudaluye.com/live/tv1.m3u8
   速度: 0.00KB/s <= 150KB/s | 数据量: 0.0KB | 总耗时: 0.73s
[2026-06-14 23:02:41] ⚠️ 仅读取 0.0KB 数据: https://pulltv2.wanfudaluye.com/live/tv2.m3u8
[2026-06-14 23:02:41] ⚠️ 速度不足: https://pulltv2.wanfudaluye.com/live/tv2.m3u8
   速度: 0.00KB/s <= 150KB/s | 数据量: 0.0KB | 总耗时: 0.39s
[2026-06-14 23:02:42] ⚠️ 仅读取 0.8KB 数据: http://www.dalitv.com.tw:4568/live/dali/index.m3u8
[2026-06-14 23:02:42] ✅ 测速成功: http://www.dalitv.com.tw:4568/live/dali/index.m3u8
   速度: 838.87KB/s > 150KB/s | 数据量: 0.8KB | 总耗时: 0.97s
[2026-06-14 23:02:43] ⚠️ 仅读取 2.8KB 数据: https://cdn8.163189.xyz/live/lhdy/stream.m3u8
[2026-06-14 23:02:43] ✅ 测速成功: https://cdn8.163189.xyz/live/lhdy/stream.m3u8
   速度: 2836.91KB/s > 150KB/s | 数据量: 2.8KB | 总耗时: 0.72s
[2026-06-14 23:02:43] ⚠️ 仅读取 2.8KB 数据: https://cdn5.163189.xyz/live/rthk31/stream.m3u8
[2026-06-14 23:02:43] ✅ 测速成功: https://cdn5.163189.xyz/live/rthk31/stream.m3u8
   速度: 2836.91KB/s > 150KB/s | 数据量: 2.8KB | 总耗时: 0.19s
[2026-06-14 23:02:43] ⚠️ 仅读取 2.8KB 数据: http://cdn.163189.xyz/live/hoy/stream.m3u8
[2026-06-14 23:02:43] ✅ 测速成功: http://cdn.163189.xyz/live/hoy/stream.m3u8
   速度: 2836.91KB/s > 150KB/s | 数据量: 2.8KB | 总耗时: 0.62s
[2026-06-14 23:02:44] ⚠️ 仅读取 2.7KB 数据: https://stream1.freetv.fun/eltaai-er-da-ti-yu--1--wj-1.ctv
[2026-06-14 23:02:44] ✅ 测速成功: https://stream1.freetv.fun/eltaai-er-da-ti-yu--1--wj-1.ctv
   速度: 2708.01KB/s > 150KB/s | 数据量: 2.7KB | 总耗时: 0.62s
[2026-06-14 23:02:44] ⚠️ 仅读取 0.3KB 数据: http://php.jdshipin.com/TVOD/iptv.php?id=fhzw
[2026-06-14 23:02:44] ✅ 测速成功: http://php.jdshipin.com/TVOD/iptv.php?id=fhzw
   速度: 294.92KB/s > 150KB/s | 数据量: 0.3KB | 总耗时: 0.39s
[2026-06-14 23:02:45] ⚠️ 仅读取 0.3KB 数据: https://cdn6.163189.xyz/163189/8tv
[2026-06-14 23:02:45] ✅ 测速成功: https://cdn6.163189.xyz/163189/8tv
   速度: 282.23KB/s > 150KB/s | 数据量: 0.3KB | 总耗时: 0.11s
[2026-06-14 23:02:45] ❌ 测速失败: http://[2409:8087:5e00:24::2d]:6610/000000001000/1/1000000004000023658/index.m3u8?channel-id=ystenlive&Contentid=1000000004000023658&livemode=1&stbId=YanG-1989
   错误: HTTPConnectionPool(host='2409:8087:5e00:24::2d', port=6610): Max retries exceeded with url: /000000001000/1/1000000004000023658/index.m3u8?channel-id=ystenlive&Contentid=1000000004000023658&livemode=1&stbId=YanG-1989 (Caused by NewConnectionError("HTTPConnection(host='2409:8087:5e00:24::2d', port=6610): Failed to establish a new connection: [Errno 101] Network is unreachable")) | 域名: 2409:8087:5e00:24::2d:6610
[2026-06-14 23:02:48] ❌ 测速失败: http://39.134.65.175/PLTV/88888888/224/3221225679/1.m3u8
   错误: HTTPConnectionPool(host='39.134.65.175', port=80): Max retries exceeded with url: /PLTV/88888888/224/3221225679/1.m3u8 (Caused by ConnectTimeoutError(<HTTPConnection(host='39.134.65.175', port=80) at 0x7f753340dfa0>, 'Connection to 39.134.65.175 timed out. (connect timeout=3.05)')) | 域名: 39.134.65.175:80
[2026-06-14 23:02:51] ❌ 测速失败: http://39.134.182.166/hwltc.tv.cdn.zj.chinamobile.com/PLTV/88888888/224/3221236183/index.m3u8
   错误: HTTPConnectionPool(host='39.134.182.166', port=80): Max retries exceeded with url: /hwltc.tv.cdn.zj.chinamobile.com/PLTV/88888888/224/3221236183/index.m3u8 (Caused by ConnectTimeoutError(<HTTPConnection(host='39.134.182.166', port=80) at 0x7f753340d400>, 'Connection to 39.134.182.166 timed out. (connect timeout=3.05)')) | 域名: 39.134.182.166:80
[2026-06-14 23:02:51] ❌ 测速失败: http://[2409:8087:1a01:df::7005]:80/ottrrs.hl.chinamobile.com/PLTV/88888888/224/3221225671/index.m3u8
   错误: HTTPConnectionPool(host='2409:8087:1a01:df::7005', port=80): Max retries exceeded with url: /ottrrs.hl.chinamobile.com/PLTV/88888888/224/3221225671/index.m3u8 (Caused by NewConnectionError("HTTPConnection(host='2409:8087:1a01:df::7005', port=80): Failed to establish a new connection: [Errno 101] Network is unreachable")) | 域名: 2409:8087:1a01:df::7005:80
[2026-06-14 23:02:52] ⚠️ 仅读取 0.0KB 数据: http://tv.pull.hebtv.com/jishi/weishipindao.m3u8?t=2510710360&k=3d44740039027301acf8341d7361ab59
[2026-06-14 23:02:52] ⚠️ 速度不足: http://tv.pull.hebtv.com/jishi/weishipindao.m3u8?t=2510710360&k=3d44740039027301acf8341d7361ab59
   速度: 35.16KB/s <= 150KB/s | 数据量: 0.0KB | 总耗时: 1.12s
[2026-06-14 23:02:52] ❌ 测速失败: http://live.nbs.cn/channels/njtv/sepd/nbs23.m3u8
   错误: HTTPConnectionPool(host='live.nbs.cn', port=80): Max retries exceeded with url: /channels/njtv/sepd/nbs23.m3u8 (Caused by NameResolutionError("HTTPConnection(host='live.nbs.cn', port=80): Failed to resolve 'live.nbs.cn' ([Errno -5] No address associated with hostname)")) | 域名: live.nbs.cn:80
[2026-06-14 23:02:53] ⚠️ 仅读取 0.1KB 数据: https://hls.gstv.com.cn/49048r/922k96.m3u8
[2026-06-14 23:02:53] ⚠️ 速度不足: https://hls.gstv.com.cn/49048r/922k96.m3u8
   速度: 146.48KB/s <= 150KB/s | 数据量: 0.1KB | 总耗时: 1.25s
[2026-06-14 23:02:55] ⚠️ 仅读取 2.7KB 数据: https://hls.ningxiahuangheyun.com/live/nxse1M.m3u8
[2026-06-14 23:02:55] ✅ 测速成功: https://hls.ningxiahuangheyun.com/live/nxse1M.m3u8
   速度: 2719.73KB/s > 150KB/s | 数据量: 2.7KB | 总耗时: 1.65s
[2026-06-14 23:02:56] ⚠️ 仅读取 0.0KB 数据: https://livestream-bt.nmtv.cn/nmtv/2315general.m3u8?txSecret=4971666599ef9411629213c9a300bf66&txTime=771EF880
[2026-06-14 23:02:56] ⚠️ 速度不足: https://livestream-bt.nmtv.cn/nmtv/2315general.m3u8?txSecret=4971666599ef9411629213c9a300bf66&txTime=771EF880
   速度: 0.00KB/s <= 150KB/s | 数据量: 0.0KB | 总耗时: 1.13s
[2026-06-14 23:02:58] ✅ 测速成功: https://live.ottiptv.cc/huya/11601966
   速度: 1686.56KB/s > 150KB/s | 数据量: 104.0KB | 总耗时: 1.81s
[2026-06-14 23:02:59] ✅ 测速成功: http://cdn.jdshipin.com:8880/huya.php?id=11342412
   速度: 2254.73KB/s > 150KB/s | 数据量: 104.0KB | 总耗时: 1.39s
[2026-06-14 23:03:01] ⚠️ 仅读取 0.0KB 数据: https://goodiptv.club/douyu/5908256
[2026-06-14 23:03:01] ⚠️ 速度不足: https://goodiptv.club/douyu/5908256
   速度: 0.00KB/s <= 150KB/s | 数据量: 0.0KB | 总耗时: 2.20s
[2026-06-14 23:03:01] ❌ 测速失败: http://[2409:8087:1:20:20::2a]/otttv.bj.chinamobile.com/PLTV/88888888/224/3221226437/1.m3u8?GuardEncType=2&accountinfo=%7E%7EV2.0%7EncK5uEAdYwWMsf8WJWI1mQ%7E_eNUbgU9sJGUcVVduOMKhafLvQUgE_zlz_7pvDimJNO_LSIQh_h2P54Cz-MqgJqC%2CEND
   错误: HTTPConnectionPool(host='2409:8087:1:20:20::2a', port=80): Max retries exceeded with url: /otttv.bj.chinamobile.com/PLTV/88888888/224/3221226437/1.m3u8?GuardEncType=2&accountinfo=~~V2.0~ncK5uEAdYwWMsf8WJWI1mQ~_eNUbgU9sJGUcVVduOMKhafLvQUgE_zlz_7pvDimJNO_LSIQh_h2P54Cz-MqgJqC%2CEND (Caused by NewConnectionError("HTTPConnection(host='2409:8087:1:20:20::2a', port=80): Failed to establish a new connection: [Errno 101] Network is unreachable")) | 域名: 2409:8087:1:20:20::2a:80
[2026-06-14 23:03:03] ⚠️ 仅读取 0.1KB 数据: https://hsplay-360.v.btime.com/live_btime/btv_sn_20170706_s4/index.m3u8?time=1742954511&sign=5241ba5667bd08639fd195ea9db6da5a
[2026-06-14 23:03:03] ⚠️ 速度不足: https://hsplay-360.v.btime.com/live_btime/btv_sn_20170706_s4/index.m3u8?time=1742954511&sign=5241ba5667bd08639fd195ea9db6da5a
   速度: 146.48KB/s <= 150KB/s | 数据量: 0.1KB | 总耗时: 2.01s
[2026-06-14 23:03:03] ❌ 测速失败: http://[2409:8087:1:20:20::26]/otttv.bj.chinamobile.com/PLTV/88888888/224/3221226550/1.m3u8?GuardEncType=2&accountinfo=~~V2.0~e2qS8h6u-xp3gd50vNr1sw~_eNUbgU9sJGUcVVduOMKhafLvQUgE_zlz_7pvDimJNPPFD3HVWEytEVyliOxehfe%2CEND
   错误: HTTPConnectionPool(host='2409:8087:1:20:20::26', port=80): Max retries exceeded with url: /otttv.bj.chinamobile.com/PLTV/88888888/224/3221226550/1.m3u8?GuardEncType=2&accountinfo=~~V2.0~e2qS8h6u-xp3gd50vNr1sw~_eNUbgU9sJGUcVVduOMKhafLvQUgE_zlz_7pvDimJNPPFD3HVWEytEVyliOxehfe%2CEND (Caused by NewConnectionError("HTTPConnection(host='2409:8087:1:20:20::26', port=80): Failed to establish a new connection: [Errno 101] Network is unreachable")) | 域名: 2409:8087:1:20:20::26:80
[2026-06-14 23:03:03] ❌ 测速失败: http://[2409:8087:1:20:20::2c]/otttv.bj.chinamobile.com/PLTV/88888888/224/3221226551/1.m3u8?GuardEncType=2&accountinfo=%7E%7EV2.0%7Ex0efg9fpenP8E8lWJUb5Lg%7E_eNUbgU9sJGUcVVduOMKhafLvQUgE_zlz_7pvDimJNNg3bzRax0E9tLmO9xgXVx8%2CEND
   错误: HTTPConnectionPool(host='2409:8087:1:20:20::2c', port=80): Max retries exceeded with url: /otttv.bj.chinamobile.com/PLTV/88888888/224/3221226551/1.m3u8?GuardEncType=2&accountinfo=~~V2.0~x0efg9fpenP8E8lWJUb5Lg~_eNUbgU9sJGUcVVduOMKhafLvQUgE_zlz_7pvDimJNNg3bzRax0E9tLmO9xgXVx8%2CEND (Caused by NewConnectionError("HTTPConnection(host='2409:8087:1:20:20::2c', port=80): Failed to establish a new connection: [Errno 101] Network is unreachable")) | 域名: 2409:8087:1:20:20::2c:80
[2026-06-14 23:03:04] ⚠️ 仅读取 0.2KB 数据: https://pili-live-hls.wdit.com.cn/wditlive/c038f4fafbdf4f97ba74c74ad67259b931ee.m3u8
[2026-06-14 23:03:04] ✅ 测速成功: https://pili-live-hls.wdit.com.cn/wditlive/c038f4fafbdf4f97ba74c74ad67259b931ee.m3u8
   速度: 206.05KB/s > 150KB/s | 数据量: 0.2KB | 总耗时: 0.66s
[2026-06-14 23:03:05] ⚠️ 仅读取 0.6KB 数据: http://p2.vzan.com/527645544/149039617847513156/live.m3u8
[2026-06-14 23:03:05] ✅ 测速成功: http://p2.vzan.com/527645544/149039617847513156/live.m3u8
   速度: 591.80KB/s > 150KB/s | 数据量: 0.6KB | 总耗时: 0.72s
[2026-06-14 23:03:08] ❌ 测速失败: http://m3u8file.lstv.org.cn/nmip-media/channellive/channel1/playlist.m3u8
   错误: HTTPConnectionPool(host='m3u8file.lstv.org.cn', port=80): Max retries exceeded with url: /nmip-media/channellive/channel1/playlist.m3u8 (Caused by ConnectTimeoutError(<HTTPConnection(host='m3u8file.lstv.org.cn', port=80) at 0x7f75334792b0>, 'Connection to m3u8file.lstv.org.cn timed out. (connect timeout=3.05)')) | 域名: m3u8file.lstv.org.cn:80
[2026-06-14 23:03:09] ⚠️ 仅读取 0.2KB 数据: http://tvfile.lzgbdst.com/nmip-media/channellive/channel106876/playlist.m3u8?zsicd
[2026-06-14 23:03:09] ✅ 测速成功: http://tvfile.lzgbdst.com/nmip-media/channellive/channel106876/playlist.m3u8?zsicd
   速度: 174.80KB/s > 150KB/s | 数据量: 0.2KB | 总耗时: 0.94s
[2026-06-14 23:03:11] ✅ 测速成功: http://live.wanyuannews.com/wytv/hd/live.m3u8?zsicd
   速度: 34439.26KB/s > 150KB/s | 数据量: 104.0KB | 总耗时: 2.19s
[2026-06-14 23:03:17] RTMP检测失败: rtmp://tv.yunxya.com:1937/channellive/shimian | [tcp @ 0x558ee42c3540] Connection to tcp://tv.yunxya.com:1937?tcp_nodelay=0 failed: Connection timed
[2026-06-14 23:03:17] ❌ 测速失败: http://live.pzhkai.com/xwzhtl/sd/live.m3u8
   错误: HTTPConnectionPool(host='live.pzhkai.com', port=80): Max retries exceeded with url: /xwzhtl/sd/live.m3u8 (Caused by NameResolutionError("HTTPConnection(host='live.pzhkai.com', port=80): Failed to resolve 'live.pzhkai.com' ([Errno -2] Name or service not known)")) | 域名: live.pzhkai.com:80
[2026-06-14 23:03:18] ⚠️ 仅读取 2.8KB 数据: http://cdn2.163189.xyz/live/gdzj/stream.m3u8
[2026-06-14 23:03:18] ✅ 测速成功: http://cdn2.163189.xyz/live/gdzj/stream.m3u8
   速度: 2836.91KB/s > 150KB/s | 数据量: 2.8KB | 总耗时: 0.44s
[2026-06-14 23:03:18] ⚠️ 仅读取 0.3KB 数据: http://1.94.31.214/php/hntv.php?id=hnws
[2026-06-14 23:03:18] ✅ 测速成功: http://1.94.31.214/php/hntv.php?id=hnws
   速度: 349.61KB/s > 150KB/s | 数据量: 0.3KB | 总耗时: 0.71s
[2026-06-14 23:03:18] ❌ 测速失败: http://[2409:8087:4c0a:22:1::11]:6410/170000001115/UmaiCHAN638072216f7da/index.m3u8?AuthInfo=9kOOdBn7MFF%2F2bWjKgahUUAdKgLqNB5aOAUhcp5CeNLx3R3LdIBdA5q61lut1LwZcw4SC2tJubc%2Bq5t%2F61jvWCtjrJL0x%2BHncPgdmcbBW9I
   错误: HTTPConnectionPool(host='2409:8087:4c0a:22:1::11', port=6410): Max retries exceeded with url: /170000001115/UmaiCHAN638072216f7da/index.m3u8?AuthInfo=9kOOdBn7MFF%2F2bWjKgahUUAdKgLqNB5aOAUhcp5CeNLx3R3LdIBdA5q61lut1LwZcw4SC2tJubc%2Bq5t%2F61jvWCtjrJL0x%2BHncPgdmcbBW9I (Caused by NewConnectionError("HTTPConnection(host='2409:8087:4c0a:22:1::11', port=6410): Failed to establish a new connection: [Errno 101] Network is unreachable")) | 域名: 2409:8087:4c0a:22:1::11:6410
[2026-06-14 23:03:20] ⚠️ 仅读取 0.0KB 数据: http://stream.appwuhan.com/1tzb/sd/live.m3u8
[2026-06-14 23:03:20] ⚠️ 速度不足: http://stream.appwuhan.com/1tzb/sd/live.m3u8
   速度: 0.00KB/s <= 150KB/s | 数据量: 0.0KB | 总耗时: 1.32s
[2026-06-14 23:03:20] ⚠️ 仅读取 0.6KB 数据: http://p8.vzan.com/slowlive/034028687228317362/live.m3u8
[2026-06-14 23:03:20] ✅ 测速成功: http://p8.vzan.com/slowlive/034028687228317362/live.m3u8
   速度: 593.75KB/s > 150KB/s | 数据量: 0.6KB | 总耗时: 0.54s
[2026-06-14 23:03:24] ❌ 测速失败: http://ottrrs.hl.chinamobile.com/PLTV/88888888/224/3221225994/index.m3u8
   错误: HTTPConnectionPool(host='ottrrs.hl.chinamobile.com', port=80): Max retries exceeded with url: /PLTV/88888888/224/3221225994/index.m3u8 (Caused by NewConnectionError("HTTPConnection(host='ottrrs.hl.chinamobile.com', port=80): Failed to establish a new connection: [Errno 101] Network is unreachable")) | 域名: ottrrs.hl.chinamobile.com:80
[2026-06-14 23:03:26] ⚠️ 仅读取 0.0KB 数据: http://liveflash.sxrtv.com/live/huanghe.m3u8?sub_m3u8=true&edge_slice=true
[2026-06-14 23:03:26] ⚠️ 速度不足: http://liveflash.sxrtv.com/live/huanghe.m3u8?sub_m3u8=true&edge_slice=true
   速度: 0.00KB/s <= 150KB/s | 数据量: 0.0KB | 总耗时: 1.40s
[2026-06-14 23:03:27] ⚠️ 仅读取 0.0KB 数据: http://play-live-hls.jxtvcn.com.cn/live/tv_ganzhou.m3u8
[2026-06-14 23:03:27] ⚠️ 速度不足: http://play-live-hls.jxtvcn.com.cn/live/tv_ganzhou.m3u8
   速度: 0.00KB/s <= 150KB/s | 数据量: 0.0KB | 总耗时: 1.23s
[2026-06-14 23:03:28] ⚠️ 仅读取 0.5KB 数据: http://txmov2.a.kwimgs.com/bs3/video-hls/5207287136834522947_hlshd15.m3u8
[2026-06-14 23:03:28] ✅ 测速成功: http://txmov2.a.kwimgs.com/bs3/video-hls/5207287136834522947_hlshd15.m3u8
   速度: 457.03KB/s > 150KB/s | 数据量: 0.5KB | 总耗时: 0.76s
[2026-06-14 23:03:29] ⚠️ 仅读取 0.4KB 数据: https://svipsvip.ffzyread1.com/20250129/35458_c988286f/index.m3u8
[2026-06-14 23:03:29] ✅ 测速成功: https://svipsvip.ffzyread1.com/20250129/35458_c988286f/index.m3u8
   速度: 396.48KB/s > 150KB/s | 数据量: 0.4KB | 总耗时: 1.91s
[2026-06-14 23:03:30] ⚠️ 仅读取 1.1KB 数据: http://fl2.moveonjoy.com/BBC_WORLD_NEWS/index.m3u8
[2026-06-14 23:03:30] ✅ 测速成功: http://fl2.moveonjoy.com/BBC_WORLD_NEWS/index.m3u8
   速度: 1120.12KB/s > 150KB/s | 数据量: 1.1KB | 总耗时: 0.18s
[2026-06-14 23:03:30] ⚠️ 仅读取 0.5KB 数据: https://d2e1asnsl7br7b.cloudfront.net/7782e205e72f43aeb4a48ec97f66ebbe/index_5.m3u8
[2026-06-14 23:03:30] ✅ 测速成功: https://d2e1asnsl7br7b.cloudfront.net/7782e205e72f43aeb4a48ec97f66ebbe/index_5.m3u8
   速度: 546.88KB/s > 150KB/s | 数据量: 0.5KB | 总耗时: 0.41s
[2026-06-14 23:03:31] ⚠️ 仅读取 0.1KB 数据: https://jmp2.uk/sam-GBBD8000016N.m3u8
[2026-06-14 23:03:31] ⚠️ 速度不足: https://jmp2.uk/sam-GBBD8000016N.m3u8
   速度: 142.58KB/s <= 150KB/s | 数据量: 0.1KB | 总耗时: 0.70s
[2026-06-14 23:03:31] ⚠️ 仅读取 1.8KB 数据: https://dbrb49pjoymg4.cloudfront.net/v1/master/3fec3e5cac39a52b2132f9c66c83dae043dc17d4/prod_default_xumo-ams-aws/master.m3u8?ads.xumo_channelId=99991276
[2026-06-14 23:03:31] ✅ 测速成功: https://dbrb49pjoymg4.cloudfront.net/v1/master/3fec3e5cac39a52b2132f9c66c83dae043dc17d4/prod_default_xumo-ams-aws/master.m3u8?ads.xumo_channelId=99991276
   速度: 1806.64KB/s > 150KB/s | 数据量: 1.8KB | 总耗时: 0.27s
[2026-06-14 23:03:31] ⚠️ 仅读取 2.2KB 数据: https://d4ybyqrhce41r.cloudfront.net/v1/master/3fec3e5cac39a52b2132f9c66c83dae043dc17d4/prod-xumo-linear-nbcu-hlsv3/master.m3u8?ads.channelId=99991626
[2026-06-14 23:03:31] ✅ 测速成功: https://d4ybyqrhce41r.cloudfront.net/v1/master/3fec3e5cac39a52b2132f9c66c83dae043dc17d4/prod-xumo-linear-nbcu-hlsv3/master.m3u8?ads.channelId=99991626
   速度: 2154.30KB/s > 150KB/s | 数据量: 2.2KB | 总耗时: 0.21s
[2026-06-14 23:03:32] ⚠️ 仅读取 0.5KB 数据: https://d7x8z4yuq42qn.cloudfront.net/index_7.m3u8
[2026-06-14 23:03:32] ✅ 测速成功: https://d7x8z4yuq42qn.cloudfront.net/index_7.m3u8
   速度: 512.70KB/s > 150KB/s | 数据量: 0.5KB | 总耗时: 0.78s
[2026-06-14 23:03:32] ❌ 测速失败: https://nhkwlive-ojp.akamaized.net/hls/live/2003459/nhkwlive-ojp-en/index.m3u8
   错误: HTTPSConnectionPool(host='nhkwlive-ojp.akamaized.net', port=443): Max retries exceeded with url: /hls/live/2003459/nhkwlive-ojp-en/index.m3u8 (Caused by NameResolutionError("HTTPSConnection(host='nhkwlive-ojp.akamaized.net', port=443): Failed to resolve 'nhkwlive-ojp.akamaized.net' ([Errno -2] Name or service not known)")) | 域名: nhkwlive-ojp.akamaized.net:443
[2026-06-14 23:03:33] ⚠️ 仅读取 0.1KB 数据: https://i.mjh.nz/SamsungTVPlus/USBB52000022Q.m3u8
[2026-06-14 23:03:33] ⚠️ 速度不足: https://i.mjh.nz/SamsungTVPlus/USBB52000022Q.m3u8
   速度: 142.58KB/s <= 150KB/s | 数据量: 0.1KB | 总耗时: 0.83s
[2026-06-14 23:03:33] ❌ 测速失败: http://live-hls-web-aje.getaj.net/AJE/01.m3u8
   错误: HTTPConnectionPool(host='live-hls-web-aje.getaj.net', port=80): Max retries exceeded with url: /AJE/01.m3u8 (Caused by NameResolutionError("HTTPConnection(host='live-hls-web-aje.getaj.net', port=80): Failed to resolve 'live-hls-web-aje.getaj.net' ([Errno -2] Name or service not known)")) | 域名: live-hls-web-aje.getaj.net:80
[2026-06-14 23:03:34] ⚠️ 仅读取 0.3KB 数据: https://amdlive-ch01-ctnd-com.akamaized.net/arirang_1ch/smil:arirang_1ch.smil/chunklist_b3256000_sleng.m3u8
[2026-06-14 23:03:34] ✅ 测速成功: https://amdlive-ch01-ctnd-com.akamaized.net/arirang_1ch/smil:arirang_1ch.smil/chunklist_b3256000_sleng.m3u8
   速度: 263.67KB/s > 150KB/s | 数据量: 0.3KB | 总耗时: 1.04s
[2026-06-14 23:03:34] ❌ 测速失败: https://n24-cdn-live.ntv.co.jp/ch01/index_high.m3u8
   错误: HTTPSConnectionPool(host='n24-cdn-live.ntv.co.jp', port=443): Max retries exceeded with url: /ch01/index_high.m3u8 (Caused by NameResolutionError("HTTPSConnection(host='n24-cdn-live.ntv.co.jp', port=443): Failed to resolve 'n24-cdn-live.ntv.co.jp' ([Errno -2] Name or service not known)")) | 域名: n24-cdn-live.ntv.co.jp:443
[2026-06-14 23:03:35] ❌ 测速失败: https://tv-trtworld.live.trt.com.tr/master_1080.m3u8
   错误: HTTPSConnectionPool(host='tv-trtworld.live.trt.com.tr', port=443): Max retries exceeded with url: /master_1080.m3u8 (Caused by SSLError(SSLError(1, '[SSL: SSLV3_ALERT_HANDSHAKE_FAILURE] sslv3 alert handshake failure (_ssl.c:1147)'))) | 域名: tv-trtworld.live.trt.com.tr:443
[2026-06-14 23:03:35] ⚠️ 仅读取 0.5KB 数据: https://dikcfc9915kp8.cloudfront.net/hls/1080p/playlist.m3u8
[2026-06-14 23:03:35] ✅ 测速成功: https://dikcfc9915kp8.cloudfront.net/hls/1080p/playlist.m3u8
   速度: 495.12KB/s > 150KB/s | 数据量: 0.5KB | 总耗时: 0.52s
[2026-06-14 23:03:35] ⚠️ 仅读取 0.1KB 数据: http://91.247.68.229:8000/play/Fashion/index.m3u8
[2026-06-14 23:03:35] ⚠️ 速度不足: http://91.247.68.229:8000/play/Fashion/index.m3u8
   速度: 115.23KB/s <= 150KB/s | 数据量: 0.1KB | 总耗时: 0.33s
[2026-06-14 23:03:36] ⚠️ 仅读取 0.9KB 数据: https://lightning-tracesport-samsungau.amagi.tv/playlist1080p.m3u8
[2026-06-14 23:03:36] ✅ 测速成功: https://lightning-tracesport-samsungau.amagi.tv/playlist1080p.m3u8
   速度: 854.49KB/s > 150KB/s | 数据量: 0.9KB | 总耗时: 0.24s
[2026-06-14 23:03:37] ✅ 测速成功: https://rt-glb.rttv.com/dvr/rtnews/playlist_4500Kb.m3u8
   速度: 24694.72KB/s > 150KB/s | 数据量: 104.0KB | 总耗时: 1.44s
[2026-06-14 23:03:38] ✅ 测速成功: https://rt-esp.rttv.com/dvr/rtesp/playlist_4500Kb.m3u8
   速度: 104000.00KB/s > 150KB/s | 数据量: 104.0KB | 总耗时: 1.39s
[2026-06-14 23:03:40] ✅ 测速成功: https://rt-fra.rttv.com/dvr/rtfrance/playlist_4500Kb.m3u8
   速度: 22949.84KB/s > 150KB/s | 数据量: 104.0KB | 总耗时: 1.15s
[2026-06-14 23:03:41] ✅ 测速成功: https://rt-arb.rttv.com/dvr/rtarab/playlist_4500Kb.m3u8
   速度: 23992.50KB/s > 150KB/s | 数据量: 104.0KB | 总耗时: 1.47s
[2026-06-14 23:03:42] ✅ 测速成功: https://rt-ger.rttv.com/dvr/rtdeutsch/playlist_4500Kb.m3u8
   速度: 24650.07KB/s > 150KB/s | 数据量: 104.0KB | 总耗时: 1.18s
[2026-06-14 23:03:43] ✅ 测速成功: https://rt-srb.rttv.com/dvr/rtbalkan/playlist_4500Kb.m3u8
   速度: 24163.95KB/s > 150KB/s | 数据量: 104.0KB | 总耗时: 1.19s
[2026-06-14 23:03:44] ✅ 测速成功: https://rt-rtd.rttv.com/dvr/rtdoc/playlist_4500Kb.m3u8
   速度: 20618.62KB/s > 150KB/s | 数据量: 104.0KB | 总耗时: 0.83s
[2026-06-14 23:03:45] ✅ 测速成功: https://rt-doc.rttv.com/dvr/rtdru/rtdru1080.m3u8
   速度: 11383.84KB/s > 150KB/s | 数据量: 104.1KB | 总耗时: 1.12s
[2026-06-14 23:03:46] ⚠️ 仅读取 0.3KB 数据: https://kbsworld-ott.akamaized.net/hls/live/2002341/kbsworld/master.m3u8
[2026-06-14 23:03:46] ✅ 测速成功: https://kbsworld-ott.akamaized.net/hls/live/2002341/kbsworld/master.m3u8
   速度: 302.73KB/s > 150KB/s | 数据量: 0.3KB | 总耗时: 0.20s
[2026-06-14 23:03:46] ⚠️ 仅读取 0.8KB 数据: http://nmxlive.akamaized.net/hls/live/529965/Live_1/index.m3u8
[2026-06-14 23:03:46] ✅ 测速成功: http://nmxlive.akamaized.net/hls/live/529965/Live_1/index.m3u8
   速度: 802.73KB/s > 150KB/s | 数据量: 0.8KB | 总耗时: 0.17s
[2026-06-14 23:03:46] ❌ 测速失败: http://dminnvll.cdn.mangomolo.com/dubaione/smil:dubaione.stream.smil/chunklist_b1800000.m3u8
   错误: HTTPConnectionPool(host='dminnvll.cdn.mangomolo.com', port=80): Max retries exceeded with url: /dubaione/smil:dubaione.stream.smil/chunklist_b1800000.m3u8 (Caused by NameResolutionError("HTTPConnection(host='dminnvll.cdn.mangomolo.com', port=80): Failed to resolve 'dminnvll.cdn.mangomolo.com' ([Errno -2] Name or service not known)")) | 域名: dminnvll.cdn.mangomolo.com:80
[2026-06-14 23:03:46] ❌ 测速失败: http://143.244.60.30/TBS/index.m3u8
   错误: HTTPConnectionPool(host='143.244.60.30', port=80): Max retries exceeded with url: /TBS/index.m3u8 (Caused by NewConnectionError("HTTPConnection(host='143.244.60.30', port=80): Failed to establish a new connection: [Errno 111] Connection refused")) | 域名: 143.244.60.30:80
[2026-06-14 23:03:46] ❌ 测速失败: https://d18dyiwu97wm6q.cloudfront.net/playlist2160p.m3u8
   错误: HTTPSConnectionPool(host='d18dyiwu97wm6q.cloudfront.net', port=443): Max retries exceeded with url: /playlist2160p.m3u8 (Caused by NameResolutionError("HTTPSConnection(host='d18dyiwu97wm6q.cloudfront.net', port=443): Failed to resolve 'd18dyiwu97wm6q.cloudfront.net' ([Errno -5] No address associated with hostname)")) | 域名: d18dyiwu97wm6q.cloudfront.net:443
[2026-06-14 23:03:51] ❌ 测速失败: https://d12a2vxqkkh1bo.cloudfront.net/hls/1080p/playlist.m3u8
   错误: HTTPSConnectionPool(host='d12a2vxqkkh1bo.cloudfront.net', port=443): Read timed out. (read timeout=5) | 域名: d12a2vxqkkh1bo.cloudfront.net:443
[2026-06-14 23:03:52] ⚠️ 仅读取 0.5KB 数据: https://wildearth-plex.amagi.tv/masterR1080p.m3u8
[2026-06-14 23:03:52] ✅ 测速成功: https://wildearth-plex.amagi.tv/masterR1080p.m3u8
   速度: 526.37KB/s > 150KB/s | 数据量: 0.5KB | 总耗时: 0.25s
